#
# A fatal error has been detected by the Java Runtime Environment:
#
#  EXCEPTION_ACCESS_VIOLATION (0xc0000005) at pc=0x00007ff93e3a6997, pid=588, tid=1260
#
# JRE version: OpenJDK Runtime Environment Corretto-16.0.2.7.1 (16.0.2+7) (build 16.0.2+7)
# Java VM: OpenJDK 64-Bit Server VM Corretto-16.0.2.7.1 (16.0.2+7, mixed mode, sharing, tiered, compressed oops, compressed class ptrs, g1 gc, windows-amd64)
# Problematic frame:
# C  [glass.dll+0x26997]
#
# No core dump will be written. Minidumps are not enabled by default on client versions of Windows
#
# If you would like to submit a bug report, please visit:
#   https://github.com/corretto/corretto-jdk/issues/
#

---------------  S U M M A R Y ------------

Command Line: -agentlib:jdwp=transport=dt_socket,address=127.0.0.1:52245,suspend=y,server=n -javaagent:C:\Users\subar\AppData\Local\JetBrains\IdeaIC2022.2\captureAgent\debugger-agent.jar -Dfile.encoding=UTF-8 --module-path=C:\Users\subar\.m2\repository\org\kordamp\ikonli\ikonli-core\12.2.0\ikonli-core-12.2.0.jar;C:\Users\subar\.m2\repository\eu\hansolo\tilesfx\11.48\tilesfx-11.48.jar;C:\Users\subar\.m2\repository\org\openjfx\javafx-web\16\javafx-web-16-win.jar;C:\Users\subar\.m2\repository\org\kordamp\ikonli\ikonli-javafx\12.2.0\ikonli-javafx-12.2.0.jar;C:\Users\subar\.m2\repository\org\openjfx\javafx-media\16\javafx-media-16-win.jar;C:\Users\subar\.m2\repository\org\openjfx\javafx-base\16\javafx-base-16-win.jar;C:\Users\subar\.m2\repository\org\kordamp\bootstrapfx\bootstrapfx-core\0.4.0\bootstrapfx-core-0.4.0.jar;C:\Users\subar\OneDrive\Desktop\Semester project\Car Sales\target\classes;C:\Users\subar\.m2\repository\org\openjfx\javafx-controls\16\javafx-controls-16-win.jar;C:\Users\subar\.m2\repository\org\openjfx\javafx-graphics\16\javafx-graphics-16-win.jar;C:\Users\subar\.m2\repository\org\openjfx\javafx-fxml\16\javafx-fxml-16-win.jar;C:\Users\subar\.m2\repository\net\synedra\validatorfx\0.1.13\validatorfx-0.1.13.jar;C:\Users\subar\.m2\repository\org\controlsfx\controlsfx\11.1.0\controlsfx-11.1.0.jar;C:\Users\subar\.m2\repository\com\dlsc\formsfx\formsfx-core\11.3.2\formsfx-core-11.3.2.jar -Djdk.module.main=com.example.semproj com.example.semproj/com.example.semproj.client.Kursach

Host: Intel(R) Core(TM) i7-9750H CPU @ 2.60GHz, 12 cores, 15G,  Windows 10 , 64 bit Build 19041 (10.0.19041.2251)
Time: Wed Dec 14 19:09:54 2022 Belarus Standard Time elapsed time: 68.994317 seconds (0d 0h 1m 8s)

---------------  T H R E A D  ---------------

Current thread (0x000002d6b17608d0):  VMThread "VM Thread" [stack: 0x000000dcb1a00000,0x000000dcb1b00000] [id=1260]

Stack: [0x000000dcb1a00000,0x000000dcb1b00000],  sp=0x000000dcb1afeec0,  free space=1019k
Native frames: (J=compiled Java code, j=interpreted, Vv=VM code, C=native code)
C  [glass.dll+0x26997]


siginfo: EXCEPTION_ACCESS_VIOLATION (0xc0000005), reading address 0x0000000000000000


Register to memory mapping:

RIP=0x00007ff93e3a6997 glass.dll
RAX=0x0 is NULL
RBX=0x000002d6b27add50 is a global jni handle
RCX=0x000002d6b17608d0 points into unknown readable memory: 0x00007ff8f2afbb80 | 80 bb af f2 f8 7f 00 00
RDX=0x000000dcb1afeec0 points into unknown readable memory: 0x0000000000000000 | 00 00 00 00 00 00 00 00
RSP=0x000000dcb1afeec0 points into unknown readable memory: 0x0000000000000000 | 00 00 00 00 00 00 00 00
RBP=0x000002d6b30eee88 points into unknown readable memory: 0x0000bb1626f12134 | 34 21 f1 26 16 bb 00 00
RSI=0x000002d6b30eee60 points into unknown readable memory: 0xd4c0bb11d962c297 | 97 c2 62 d9 11 bb c0 d4
RDI=0x0000bb1626f12134 is an unknown value
R8 =0x0000000000010002 is an unknown value
R9 =0x0000bb1626f12134 is an unknown value
R10=0x0000000000008000 is an unknown value
R11=0x000000dcb1afee50 points into unknown readable memory: 0x000002d6b30eee60 | 60 ee 0e b3 d6 02 00 00
R12=0x00007ff93e3a4234 glass.dll
R13=0x000002d6b1753130 points into unknown readable memory: 0x000002d6b17608d0 | d0 08 76 b1 d6 02 00 00
R14=0x000000dcb1afefb8 points into unknown readable memory: 0x000000dcb1afefa0 | a0 ef af b1 dc 00 00 00
R15=0x000002d6b30eee60 points into unknown readable memory: 0xd4c0bb11d962c297 | 97 c2 62 d9 11 bb c0 d4


Registers:
RAX=0x0000000000000000, RBX=0x000002d6b27add50, RCX=0x000002d6b17608d0, RDX=0x000000dcb1afeec0
RSP=0x000000dcb1afeec0, RBP=0x000002d6b30eee88, RSI=0x000002d6b30eee60, RDI=0x0000bb1626f12134
R8 =0x0000000000010002, R9 =0x0000bb1626f12134, R10=0x0000000000008000, R11=0x000000dcb1afee50
R12=0x00007ff93e3a4234, R13=0x000002d6b1753130, R14=0x000000dcb1afefb8, R15=0x000002d6b30eee60
RIP=0x00007ff93e3a6997, EFLAGS=0x0000000000010206

Top of Stack: (sp=0x000000dcb1afeec0)
0x000000dcb1afeec0:   0000000000000000 000002d6b30eee60
0x000000dcb1afeed0:   000002d6b1753130 00007ff93e3a4234
0x000000dcb1afeee0:   000002d6b30eee68 00007ff97e7642d6
0x000000dcb1afeef0:   0000bb1626f12134 000002d600000000
0x000000dcb1afef00:   000002d6b30eee88 000002d6b30eee60
0x000000dcb1afef10:   fffffffffffffffe 0000000000000000
0x000000dcb1afef20:   0000000000000001 00007ff93e380000
0x000000dcb1afef30:   000000dcb1afefa8 00007ff97e7641fb
0x000000dcb1afef40:   0000000000000000 000000dcb1afefb8
0x000000dcb1afef50:   000000dcb1aff280 00007ff97e840e40
0x000000dcb1afef60:   0000000000000001 00007ff97e7641b4
0x000000dcb1afef70:   0000000000000000 0000000000000001
0x000000dcb1afef80:   0000000000000000 000000dcb1afefa8
0x000000dcb1afef90:   ffffffff00000001 00007ff93e3a40c1
0x000000dcb1afefa0:   00007ff93e3ba128 00007ff900000002
0x000000dcb1afefb0:   0000000000000002 000000dcb1afefa0 

Instructions: (pc=0x00007ff93e3a6997)
0x00007ff93e3a6897:   8b 4d 58 e8 d1 ce ff ff 48 8b 4d 60 e8 c8 ce ff
0x00007ff93e3a68a7:   ff 48 8b 95 80 00 00 00 48 8b 8d 18 01 00 00 e8
0x00007ff93e3a68b7:   96 c3 ff ff 33 d2 33 c9 e8 12 e1 ff ff 90 48 89
0x00007ff93e3a68c7:   54 24 10 55 48 83 ec 20 48 8b ea 48 b8 00 00 00
0x00007ff93e3a68d7:   00 00 00 00 00 48 83 c4 20 5d c3 cc 40 55 48 8b
0x00007ff93e3a68e7:   ea 48 8b 01 33 c9 81 38 05 00 00 c0 0f 94 c1 8b
0x00007ff93e3a68f7:   c1 5d c3 cc 40 55 48 83 ec 20 48 8b ea 8a 4d 40
0x00007ff93e3a6907:   48 83 c4 20 5d e9 c7 d2 ff ff cc 40 55 48 83 ec
0x00007ff93e3a6917:   20 48 8b ea 8a 4d 20 e8 b5 d2 ff ff 90 48 83 c4
0x00007ff93e3a6927:   20 5d c3 cc 40 55 48 83 ec 20 48 8b ea 48 83 c4
0x00007ff93e3a6937:   20 5d e9 16 d1 ff ff cc 40 55 48 83 ec 30 48 8b
0x00007ff93e3a6947:   ea 48 8b 01 8b 10 48 89 4c 24 28 89 54 24 20 4c
0x00007ff93e3a6957:   8d 0d b7 d5 ff ff 4c 8b 45 70 8b 55 68 48 8b 4d
0x00007ff93e3a6967:   60 e8 57 d0 ff ff 90 48 83 c4 30 5d c3 cc cc cc
0x00007ff93e3a6977:   cc cc cc cc cc cc cc cc cc 40 53 48 83 ec 20 48
0x00007ff93e3a6987:   8b 1d 93 31 01 00 48 85 db 74 16 e8 29 8b ff ff
0x00007ff93e3a6997:   4c 8b 00 48 8b d3 48 8b c8 41 ff 90 b0 00 00 00
0x00007ff93e3a69a7:   90 48 83 c4 20 5b c3 cc cc 40 53 48 83 ec 20 48
0x00007ff93e3a69b7:   8b 1d 0b 33 01 00 48 85 db 74 57 b8 ff ff ff ff
0x00007ff93e3a69c7:   f0 0f c1 43 10 83 f8 01 75 3d 48 85 db 74 38 48
0x00007ff93e3a69d7:   8b 0b 48 85 c9 74 0d ff 15 c4 08 00 00 48 c7 03
0x00007ff93e3a69e7:   00 00 00 00 48 8b 4b 08 48 85 c9 74 0d e8 77 cd
0x00007ff93e3a69f7:   ff ff 48 c7 43 08 00 00 00 00 ba 18 00 00 00 48
0x00007ff93e3a6a07:   8b cb e8 62 cd ff ff 48 c7 05 af 32 01 00 00 00
0x00007ff93e3a6a17:   00 00 48 83 c4 20 5b c3 cc 40 53 48 83 ec 20 48
0x00007ff93e3a6a27:   8b 1d 7b 32 01 00 48 85 db 74 57 b8 ff ff ff ff
0x00007ff93e3a6a37:   f0 0f c1 43 10 83 f8 01 75 3d 48 85 db 74 38 48
0x00007ff93e3a6a47:   8b 0b 48 85 c9 74 0d ff 15 54 08 00 00 48 c7 03
0x00007ff93e3a6a57:   00 00 00 00 48 8b 4b 08 48 85 c9 74 0d e8 07 cd
0x00007ff93e3a6a67:   ff ff 48 c7 43 08 00 00 00 00 ba 18 00 00 00 48
0x00007ff93e3a6a77:   8b cb e8 f2 cc ff ff 48 c7 05 1f 32 01 00 00 00
0x00007ff93e3a6a87:   00 00 48 83 c4 20 5b c3 cc 40 53 48 83 ec 20 48 


Stack slot to memory mapping:
stack at sp + 0 slots: 0x0 is NULL
stack at sp + 1 slots: 0x000002d6b30eee60 points into unknown readable memory: 0xd4c0bb11d962c297 | 97 c2 62 d9 11 bb c0 d4
stack at sp + 2 slots: 0x000002d6b1753130 points into unknown readable memory: 0x000002d6b17608d0 | d0 08 76 b1 d6 02 00 00
stack at sp + 3 slots: 0x00007ff93e3a4234 glass.dll
stack at sp + 4 slots: 0x000002d6b30eee68 points into unknown readable memory: 0x0000bb1626f12134 | 34 21 f1 26 16 bb 00 00
stack at sp + 5 slots: 0x00007ff97e7642d6 ucrtbase.dll
stack at sp + 6 slots: 0x0000bb1626f12134 is an unknown value
stack at sp + 7 slots: 0x000002d600000000 is an unknown value

VM_Operation (0x000000dcb11ff1d0): Exit, mode: safepoint, requested by thread 0x000002d6b3380040


---------------  P R O C E S S  ---------------

Threads class SMR info:
_java_thread_list=0x000002d6b36a5d90, length=21, elements={
0x000002d68d48aea0, 0x000002d6b1763510, 0x000002d6b17643d0, 0x000002d6b176e480,
0x000002d6b1771eb0, 0x000002d6b17728b0, 0x000002d6b17767b0, 0x000002d6b177f5a0,
0x000002d6b1780090, 0x000002d6b1784af0, 0x000002d6b21e1d20, 0x000002d6b2799fe0,
0x000002d6b21df7f0, 0x000002d6b21e1280, 0x000002d6b21e17d0, 0x000002d6b21e0d30,
0x000002d6b337bb30, 0x000002d6b3381030, 0x000002d6b337faf0, 0x000002d6b337eb00,
0x000002d6b3380040
}

Java Threads: ( => current thread )
  0x000002d68d48aea0 JavaThread "main" [_thread_blocked, id=13400, stack(0x000000dcb1400000,0x000000dcb1500000)]
  0x000002d6b1763510 JavaThread "Reference Handler" daemon [_thread_blocked, id=1308, stack(0x000000dcb1b00000,0x000000dcb1c00000)]
  0x000002d6b17643d0 JavaThread "Finalizer" daemon [_thread_blocked, id=2604, stack(0x000000dcb1c00000,0x000000dcb1d00000)]
  0x000002d6b176e480 JavaThread "Signal Dispatcher" daemon [_thread_blocked, id=6852, stack(0x000000dcb1d00000,0x000000dcb1e00000)]
  0x000002d6b1771eb0 JavaThread "Attach Listener" daemon [_thread_blocked, id=8092, stack(0x000000dcb1e00000,0x000000dcb1f00000)]
  0x000002d6b17728b0 JavaThread "Service Thread" daemon [_thread_blocked, id=14772, stack(0x000000dcb1f00000,0x000000dcb2000000)]
  0x000002d6b17767b0 JavaThread "Monitor Deflation Thread" daemon [_thread_blocked, id=16652, stack(0x000000dcb2000000,0x000000dcb2100000)]
  0x000002d6b177f5a0 JavaThread "C2 CompilerThread0" daemon [_thread_blocked, id=4464, stack(0x000000dcb2100000,0x000000dcb2200000)]
  0x000002d6b1780090 JavaThread "C1 CompilerThread0" daemon [_thread_blocked, id=12424, stack(0x000000dcb2200000,0x000000dcb2300000)]
  0x000002d6b1784af0 JavaThread "Sweeper thread" daemon [_thread_blocked, id=12192, stack(0x000000dcb2300000,0x000000dcb2400000)]
  0x000002d6b21e1d20 JavaThread "Common-Cleaner" daemon [_thread_blocked, id=6460, stack(0x000000dcb2400000,0x000000dcb2500000)]
  0x000002d6b2799fe0 JavaThread "JDWP Event Helper Thread" daemon [_thread_blocked, id=16212, stack(0x000000dcb2800000,0x000000dcb2900000)]
  0x000002d6b21df7f0 JavaThread "Notification Thread" daemon [_thread_blocked, id=11576, stack(0x000000dcb2a00000,0x000000dcb2b00000)]
  0x000002d6b21e1280 JavaThread "QuantumRenderer-0" daemon [_thread_blocked, id=4176, stack(0x000000dcb2c00000,0x000000dcb2d00000)]
  0x000002d6b21e17d0 JavaThread "InvokeLaterDispatcher" daemon [_thread_blocked, id=8576, stack(0x000000dcb2e00000,0x000000dcb2f00000)]
  0x000002d6b21e0d30 JavaThread "JavaFX Application Thread" [_thread_blocked, id=12836, stack(0x000000dcb2f00000,0x000000dcb3000000)]
  0x000002d6b337bb30 JavaThread "Thread-1" daemon [_thread_in_native, id=2140, stack(0x000000dcb2600000,0x000000dcb2700000)]
  0x000002d6b3381030 JavaThread "JavaFX-Launcher" [_thread_blocked, id=3396, stack(0x000000dcb3a60000,0x000000dcb3b60000)]
  0x000002d6b337faf0 JavaThread "Prism Font Disposer" daemon [_thread_blocked, id=14800, stack(0x000000dcb3e60000,0x000000dcb3f60000)]
  0x000002d6b337eb00 JavaThread "Cleaner-0" daemon [_thread_blocked, id=1248, stack(0x000000dcb3f60000,0x000000dcb4060000)]
  0x000002d6b3380040 JavaThread "SIGINT handler" daemon [_thread_blocked, id=10908, stack(0x000000dcb1100000,0x000000dcb1200000)]

Other Threads:
=>0x000002d6b17608d0 VMThread "VM Thread" [stack: 0x000000dcb1a00000,0x000000dcb1b00000] [id=1260]
  0x000002d68d4d97d0 GCTaskThread "GC Thread#0" [stack: 0x000000dcb1500000,0x000000dcb1600000] [id=18272]
  0x000002d6b3144e50 GCTaskThread "GC Thread#1" [stack: 0x000000dcb3160000,0x000000dcb3260000] [id=13224]
  0x000002d6b3143bf0 GCTaskThread "GC Thread#2" [stack: 0x000000dcb3260000,0x000000dcb3360000] [id=2568]
  0x000002d6b3144210 GCTaskThread "GC Thread#3" [stack: 0x000000dcb3360000,0x000000dcb3460000] [id=4540]
  0x000002d6b3144830 GCTaskThread "GC Thread#4" [stack: 0x000000dcb3460000,0x000000dcb3560000] [id=11816]
  0x000002d6b3145160 GCTaskThread "GC Thread#5" [stack: 0x000000dcb3560000,0x000000dcb3660000] [id=18252]
  0x000002d6b34d5530 GCTaskThread "GC Thread#6" [stack: 0x000000dcb3660000,0x000000dcb3760000] [id=6676]
  0x000002d6b34d2a50 GCTaskThread "GC Thread#7" [stack: 0x000000dcb3760000,0x000000dcb3860000] [id=4524]
  0x000002d6b34d6480 GCTaskThread "GC Thread#8" [stack: 0x000000dcb3860000,0x000000dcb3960000] [id=18240]
  0x000002d6b34d7d00 GCTaskThread "GC Thread#9" [stack: 0x000000dcb3960000,0x000000dcb3a60000] [id=6292]
  0x000002d68d4eb630 ConcurrentGCThread "G1 Main Marker" terminated
  0x000002d68d4ec0a0 ConcurrentGCThread "G1 Conc#0" [stack: 0x000000dcb1700000,0x000000dcb1800000] [id=4048]
  0x000002d6b16144e0 ConcurrentGCThread "G1 Refine#0" terminated
  0x000002d6b1614f60 ConcurrentGCThread "G1 Service" terminated

Threads with active compile tasks:
C2 CompilerThread0  
[error occurred during error reporting (printing all threads), id 0xc0000005, EXCEPTION_ACCESS_VIOLATION (0xc0000005) at pc=0x00007ff8f28f3df3]

VM state: at safepoint (shutting down)

VM Mutex/Monitor currently owned by a thread:  ([mutex/lock_event])
[0x000002d68d485be0] Threads_lock - owner thread: 0x000002d6b17608d0
[0x000002d68d486ba0] Heap_lock - owner thread: 0x000002d6b3380040

Heap address: 0x0000000701e00000, size: 4066 MB, Compressed Oops mode: Zero based, Oop shift amount: 3

CDS archive(s) mapped at: [0x0000000800000000-0x0000000800be0000-0x0000000800be0000), size 12451840, SharedBaseAddress: 0x0000000800000000, ArchiveRelocationMode: 0.
Compressed class space mapped at: 0x0000000800c00000-0x0000000840c00000, reserved size: 1073741824
Narrow klass base: 0x0000000800000000, Narrow klass shift: 3, Narrow klass range: 0x100000000

GC Precious Log:
 CPUs: 12 total, 12 available
 Memory: 16262M
 Large Page Support: Disabled
 NUMA Support: Disabled
 Compressed Oops: Enabled (Zero based)
 Heap Region Size: 2M
 Heap Min Capacity: 8M
 Heap Initial Capacity: 256M
 Heap Max Capacity: 4066M
 Pre-touch: Disabled
 Parallel Workers: 10
 Concurrent Workers: 3
 Concurrent Refinement Workers: 10
 Periodic GC: Disabled

Heap:
 garbage-first heap   total 262144K, used 28717K [0x0000000701e00000, 0x0000000800000000)
  region size 2048K, 14 young (28672K), 3 survivors (6144K)
 Metaspace       used 16691K, committed 17024K, reserved 1064960K
  class space    used 2193K, committed 2368K, reserved 1048576K

Heap Regions: E=young(eden), S=young(survivor), O=old, HS=humongous(starts), HC=humongous(continues), CS=collection set, F=free, OA=open archive, CA=closed archive, TAMS=top-at-mark-start (previous, next)
|   0|0x0000000701e00000, 0x0000000701e0b400, 0x0000000702000000|  2%| O|  |TAMS 0x0000000701e00000, 0x0000000701e00000| Untracked 
|   1|0x0000000702000000, 0x0000000702200000, 0x0000000702200000|100%|HS|  |TAMS 0x0000000702000000, 0x0000000702000000| Complete 
|   2|0x0000000702200000, 0x0000000702200000, 0x0000000702400000|  0%| F|  |TAMS 0x0000000702200000, 0x0000000702200000| Untracked 
|   3|0x0000000702400000, 0x0000000702400000, 0x0000000702600000|  0%| F|  |TAMS 0x0000000702400000, 0x0000000702400000| Untracked 
|   4|0x0000000702600000, 0x0000000702600000, 0x0000000702800000|  0%| F|  |TAMS 0x0000000702600000, 0x0000000702600000| Untracked 
|   5|0x0000000702800000, 0x0000000702800000, 0x0000000702a00000|  0%| F|  |TAMS 0x0000000702800000, 0x0000000702800000| Untracked 
|   6|0x0000000702a00000, 0x0000000702a00000, 0x0000000702c00000|  0%| F|  |TAMS 0x0000000702a00000, 0x0000000702a00000| Untracked 
|   7|0x0000000702c00000, 0x0000000702c00000, 0x0000000702e00000|  0%| F|  |TAMS 0x0000000702c00000, 0x0000000702c00000| Untracked 
|   8|0x0000000702e00000, 0x0000000702e00000, 0x0000000703000000|  0%| F|  |TAMS 0x0000000702e00000, 0x0000000702e00000| Untracked 
|   9|0x0000000703000000, 0x0000000703000000, 0x0000000703200000|  0%| F|  |TAMS 0x0000000703000000, 0x0000000703000000| Untracked 
|  10|0x0000000703200000, 0x0000000703200000, 0x0000000703400000|  0%| F|  |TAMS 0x0000000703200000, 0x0000000703200000| Untracked 
|  11|0x0000000703400000, 0x0000000703400000, 0x0000000703600000|  0%| F|  |TAMS 0x0000000703400000, 0x0000000703400000| Untracked 
|  12|0x0000000703600000, 0x0000000703600000, 0x0000000703800000|  0%| F|  |TAMS 0x0000000703600000, 0x0000000703600000| Untracked 
|  13|0x0000000703800000, 0x0000000703800000, 0x0000000703a00000|  0%| F|  |TAMS 0x0000000703800000, 0x0000000703800000| Untracked 
|  14|0x0000000703a00000, 0x0000000703a00000, 0x0000000703c00000|  0%| F|  |TAMS 0x0000000703a00000, 0x0000000703a00000| Untracked 
|  15|0x0000000703c00000, 0x0000000703c00000, 0x0000000703e00000|  0%| F|  |TAMS 0x0000000703c00000, 0x0000000703c00000| Untracked 
|  16|0x0000000703e00000, 0x0000000703e00000, 0x0000000704000000|  0%| F|  |TAMS 0x0000000703e00000, 0x0000000703e00000| Untracked 
|  17|0x0000000704000000, 0x0000000704000000, 0x0000000704200000|  0%| F|  |TAMS 0x0000000704000000, 0x0000000704000000| Untracked 
|  18|0x0000000704200000, 0x0000000704200000, 0x0000000704400000|  0%| F|  |TAMS 0x0000000704200000, 0x0000000704200000| Untracked 
|  19|0x0000000704400000, 0x0000000704400000, 0x0000000704600000|  0%| F|  |TAMS 0x0000000704400000, 0x0000000704400000| Untracked 
|  20|0x0000000704600000, 0x0000000704600000, 0x0000000704800000|  0%| F|  |TAMS 0x0000000704600000, 0x0000000704600000| Untracked 
|  21|0x0000000704800000, 0x0000000704800000, 0x0000000704a00000|  0%| F|  |TAMS 0x0000000704800000, 0x0000000704800000| Untracked 
|  22|0x0000000704a00000, 0x0000000704a00000, 0x0000000704c00000|  0%| F|  |TAMS 0x0000000704a00000, 0x0000000704a00000| Untracked 
|  23|0x0000000704c00000, 0x0000000704c00000, 0x0000000704e00000|  0%| F|  |TAMS 0x0000000704c00000, 0x0000000704c00000| Untracked 
|  24|0x0000000704e00000, 0x0000000704e00000, 0x0000000705000000|  0%| F|  |TAMS 0x0000000704e00000, 0x0000000704e00000| Untracked 
|  25|0x0000000705000000, 0x0000000705000000, 0x0000000705200000|  0%| F|  |TAMS 0x0000000705000000, 0x0000000705000000| Untracked 
|  26|0x0000000705200000, 0x0000000705200000, 0x0000000705400000|  0%| F|  |TAMS 0x0000000705200000, 0x0000000705200000| Untracked 
|  27|0x0000000705400000, 0x0000000705400000, 0x0000000705600000|  0%| F|  |TAMS 0x0000000705400000, 0x0000000705400000| Untracked 
|  28|0x0000000705600000, 0x0000000705600000, 0x0000000705800000|  0%| F|  |TAMS 0x0000000705600000, 0x0000000705600000| Untracked 
|  29|0x0000000705800000, 0x0000000705800000, 0x0000000705a00000|  0%| F|  |TAMS 0x0000000705800000, 0x0000000705800000| Untracked 
|  30|0x0000000705a00000, 0x0000000705a00000, 0x0000000705c00000|  0%| F|  |TAMS 0x0000000705a00000, 0x0000000705a00000| Untracked 
|  31|0x0000000705c00000, 0x0000000705c00000, 0x0000000705e00000|  0%| F|  |TAMS 0x0000000705c00000, 0x0000000705c00000| Untracked 
|  32|0x0000000705e00000, 0x0000000705e00000, 0x0000000706000000|  0%| F|  |TAMS 0x0000000705e00000, 0x0000000705e00000| Untracked 
|  33|0x0000000706000000, 0x0000000706000000, 0x0000000706200000|  0%| F|  |TAMS 0x0000000706000000, 0x0000000706000000| Untracked 
|  34|0x0000000706200000, 0x0000000706200000, 0x0000000706400000|  0%| F|  |TAMS 0x0000000706200000, 0x0000000706200000| Untracked 
|  35|0x0000000706400000, 0x0000000706400000, 0x0000000706600000|  0%| F|  |TAMS 0x0000000706400000, 0x0000000706400000| Untracked 
|  36|0x0000000706600000, 0x0000000706600000, 0x0000000706800000|  0%| F|  |TAMS 0x0000000706600000, 0x0000000706600000| Untracked 
|  37|0x0000000706800000, 0x0000000706800000, 0x0000000706a00000|  0%| F|  |TAMS 0x0000000706800000, 0x0000000706800000| Untracked 
|  38|0x0000000706a00000, 0x0000000706a00000, 0x0000000706c00000|  0%| F|  |TAMS 0x0000000706a00000, 0x0000000706a00000| Untracked 
|  39|0x0000000706c00000, 0x0000000706c00000, 0x0000000706e00000|  0%| F|  |TAMS 0x0000000706c00000, 0x0000000706c00000| Untracked 
|  40|0x0000000706e00000, 0x0000000706e00000, 0x0000000707000000|  0%| F|  |TAMS 0x0000000706e00000, 0x0000000706e00000| Untracked 
|  41|0x0000000707000000, 0x0000000707000000, 0x0000000707200000|  0%| F|  |TAMS 0x0000000707000000, 0x0000000707000000| Untracked 
|  42|0x0000000707200000, 0x0000000707200000, 0x0000000707400000|  0%| F|  |TAMS 0x0000000707200000, 0x0000000707200000| Untracked 
|  43|0x0000000707400000, 0x0000000707400000, 0x0000000707600000|  0%| F|  |TAMS 0x0000000707400000, 0x0000000707400000| Untracked 
|  44|0x0000000707600000, 0x0000000707600000, 0x0000000707800000|  0%| F|  |TAMS 0x0000000707600000, 0x0000000707600000| Untracked 
|  45|0x0000000707800000, 0x0000000707800000, 0x0000000707a00000|  0%| F|  |TAMS 0x0000000707800000, 0x0000000707800000| Untracked 
|  46|0x0000000707a00000, 0x0000000707a00000, 0x0000000707c00000|  0%| F|  |TAMS 0x0000000707a00000, 0x0000000707a00000| Untracked 
|  47|0x0000000707c00000, 0x0000000707c00000, 0x0000000707e00000|  0%| F|  |TAMS 0x0000000707c00000, 0x0000000707c00000| Untracked 
|  48|0x0000000707e00000, 0x0000000707e00000, 0x0000000708000000|  0%| F|  |TAMS 0x0000000707e00000, 0x0000000707e00000| Untracked 
|  49|0x0000000708000000, 0x0000000708000000, 0x0000000708200000|  0%| F|  |TAMS 0x0000000708000000, 0x0000000708000000| Untracked 
|  50|0x0000000708200000, 0x0000000708200000, 0x0000000708400000|  0%| F|  |TAMS 0x0000000708200000, 0x0000000708200000| Untracked 
|  51|0x0000000708400000, 0x0000000708400000, 0x0000000708600000|  0%| F|  |TAMS 0x0000000708400000, 0x0000000708400000| Untracked 
|  52|0x0000000708600000, 0x0000000708600000, 0x0000000708800000|  0%| F|  |TAMS 0x0000000708600000, 0x0000000708600000| Untracked 
|  53|0x0000000708800000, 0x0000000708800000, 0x0000000708a00000|  0%| F|  |TAMS 0x0000000708800000, 0x0000000708800000| Untracked 
|  54|0x0000000708a00000, 0x0000000708a00000, 0x0000000708c00000|  0%| F|  |TAMS 0x0000000708a00000, 0x0000000708a00000| Untracked 
|  55|0x0000000708c00000, 0x0000000708c00000, 0x0000000708e00000|  0%| F|  |TAMS 0x0000000708c00000, 0x0000000708c00000| Untracked 
|  56|0x0000000708e00000, 0x0000000708e00000, 0x0000000709000000|  0%| F|  |TAMS 0x0000000708e00000, 0x0000000708e00000| Untracked 
|  57|0x0000000709000000, 0x0000000709000000, 0x0000000709200000|  0%| F|  |TAMS 0x0000000709000000, 0x0000000709000000| Untracked 
|  58|0x0000000709200000, 0x0000000709200000, 0x0000000709400000|  0%| F|  |TAMS 0x0000000709200000, 0x0000000709200000| Untracked 
|  59|0x0000000709400000, 0x0000000709400000, 0x0000000709600000|  0%| F|  |TAMS 0x0000000709400000, 0x0000000709400000| Untracked 
|  60|0x0000000709600000, 0x0000000709600000, 0x0000000709800000|  0%| F|  |TAMS 0x0000000709600000, 0x0000000709600000| Untracked 
|  61|0x0000000709800000, 0x0000000709800000, 0x0000000709a00000|  0%| F|  |TAMS 0x0000000709800000, 0x0000000709800000| Untracked 
|  62|0x0000000709a00000, 0x0000000709a00000, 0x0000000709c00000|  0%| F|  |TAMS 0x0000000709a00000, 0x0000000709a00000| Untracked 
|  63|0x0000000709c00000, 0x0000000709c00000, 0x0000000709e00000|  0%| F|  |TAMS 0x0000000709c00000, 0x0000000709c00000| Untracked 
|  64|0x0000000709e00000, 0x0000000709e00000, 0x000000070a000000|  0%| F|  |TAMS 0x0000000709e00000, 0x0000000709e00000| Untracked 
|  65|0x000000070a000000, 0x000000070a000000, 0x000000070a200000|  0%| F|  |TAMS 0x000000070a000000, 0x000000070a000000| Untracked 
|  66|0x000000070a200000, 0x000000070a200000, 0x000000070a400000|  0%| F|  |TAMS 0x000000070a200000, 0x000000070a200000| Untracked 
|  67|0x000000070a400000, 0x000000070a400000, 0x000000070a600000|  0%| F|  |TAMS 0x000000070a400000, 0x000000070a400000| Untracked 
|  68|0x000000070a600000, 0x000000070a600000, 0x000000070a800000|  0%| F|  |TAMS 0x000000070a600000, 0x000000070a600000| Untracked 
|  69|0x000000070a800000, 0x000000070a800000, 0x000000070aa00000|  0%| F|  |TAMS 0x000000070a800000, 0x000000070a800000| Untracked 
|  70|0x000000070aa00000, 0x000000070aa00000, 0x000000070ac00000|  0%| F|  |TAMS 0x000000070aa00000, 0x000000070aa00000| Untracked 
|  71|0x000000070ac00000, 0x000000070ac00000, 0x000000070ae00000|  0%| F|  |TAMS 0x000000070ac00000, 0x000000070ac00000| Untracked 
|  72|0x000000070ae00000, 0x000000070ae00000, 0x000000070b000000|  0%| F|  |TAMS 0x000000070ae00000, 0x000000070ae00000| Untracked 
|  73|0x000000070b000000, 0x000000070b000000, 0x000000070b200000|  0%| F|  |TAMS 0x000000070b000000, 0x000000070b000000| Untracked 
|  74|0x000000070b200000, 0x000000070b200000, 0x000000070b400000|  0%| F|  |TAMS 0x000000070b200000, 0x000000070b200000| Untracked 
|  75|0x000000070b400000, 0x000000070b400000, 0x000000070b600000|  0%| F|  |TAMS 0x000000070b400000, 0x000000070b400000| Untracked 
|  76|0x000000070b600000, 0x000000070b600000, 0x000000070b800000|  0%| F|  |TAMS 0x000000070b600000, 0x000000070b600000| Untracked 
|  77|0x000000070b800000, 0x000000070b800000, 0x000000070ba00000|  0%| F|  |TAMS 0x000000070b800000, 0x000000070b800000| Untracked 
|  78|0x000000070ba00000, 0x000000070ba00000, 0x000000070bc00000|  0%| F|  |TAMS 0x000000070ba00000, 0x000000070ba00000| Untracked 
|  79|0x000000070bc00000, 0x000000070bc00000, 0x000000070be00000|  0%| F|  |TAMS 0x000000070bc00000, 0x000000070bc00000| Untracked 
|  80|0x000000070be00000, 0x000000070be00000, 0x000000070c000000|  0%| F|  |TAMS 0x000000070be00000, 0x000000070be00000| Untracked 
|  81|0x000000070c000000, 0x000000070c000000, 0x000000070c200000|  0%| F|  |TAMS 0x000000070c000000, 0x000000070c000000| Untracked 
|  82|0x000000070c200000, 0x000000070c200000, 0x000000070c400000|  0%| F|  |TAMS 0x000000070c200000, 0x000000070c200000| Untracked 
|  83|0x000000070c400000, 0x000000070c400000, 0x000000070c600000|  0%| F|  |TAMS 0x000000070c400000, 0x000000070c400000| Untracked 
|  84|0x000000070c600000, 0x000000070c600000, 0x000000070c800000|  0%| F|  |TAMS 0x000000070c600000, 0x000000070c600000| Untracked 
|  85|0x000000070c800000, 0x000000070c800000, 0x000000070ca00000|  0%| F|  |TAMS 0x000000070c800000, 0x000000070c800000| Untracked 
|  86|0x000000070ca00000, 0x000000070ca00000, 0x000000070cc00000|  0%| F|  |TAMS 0x000000070ca00000, 0x000000070ca00000| Untracked 
|  87|0x000000070cc00000, 0x000000070cc00000, 0x000000070ce00000|  0%| F|  |TAMS 0x000000070cc00000, 0x000000070cc00000| Untracked 
|  88|0x000000070ce00000, 0x000000070ce00000, 0x000000070d000000|  0%| F|  |TAMS 0x000000070ce00000, 0x000000070ce00000| Untracked 
|  89|0x000000070d000000, 0x000000070d000000, 0x000000070d200000|  0%| F|  |TAMS 0x000000070d000000, 0x000000070d000000| Untracked 
|  90|0x000000070d200000, 0x000000070d200000, 0x000000070d400000|  0%| F|  |TAMS 0x000000070d200000, 0x000000070d200000| Untracked 
|  91|0x000000070d400000, 0x000000070d400000, 0x000000070d600000|  0%| F|  |TAMS 0x000000070d400000, 0x000000070d400000| Untracked 
|  92|0x000000070d600000, 0x000000070d600000, 0x000000070d800000|  0%| F|  |TAMS 0x000000070d600000, 0x000000070d600000| Untracked 
|  93|0x000000070d800000, 0x000000070d800000, 0x000000070da00000|  0%| F|  |TAMS 0x000000070d800000, 0x000000070d800000| Untracked 
|  94|0x000000070da00000, 0x000000070da00000, 0x000000070dc00000|  0%| F|  |TAMS 0x000000070da00000, 0x000000070da00000| Untracked 
|  95|0x000000070dc00000, 0x000000070dc00000, 0x000000070de00000|  0%| F|  |TAMS 0x000000070dc00000, 0x000000070dc00000| Untracked 
|  96|0x000000070de00000, 0x000000070de00000, 0x000000070e000000|  0%| F|  |TAMS 0x000000070de00000, 0x000000070de00000| Untracked 
|  97|0x000000070e000000, 0x000000070e000000, 0x000000070e200000|  0%| F|  |TAMS 0x000000070e000000, 0x000000070e000000| Untracked 
|  98|0x000000070e200000, 0x000000070e200000, 0x000000070e400000|  0%| F|  |TAMS 0x000000070e200000, 0x000000070e200000| Untracked 
|  99|0x000000070e400000, 0x000000070e400000, 0x000000070e600000|  0%| F|  |TAMS 0x000000070e400000, 0x000000070e400000| Untracked 
| 100|0x000000070e600000, 0x000000070e600000, 0x000000070e800000|  0%| F|  |TAMS 0x000000070e600000, 0x000000070e600000| Untracked 
| 101|0x000000070e800000, 0x000000070e800000, 0x000000070ea00000|  0%| F|  |TAMS 0x000000070e800000, 0x000000070e800000| Untracked 
| 102|0x000000070ea00000, 0x000000070ea00000, 0x000000070ec00000|  0%| F|  |TAMS 0x000000070ea00000, 0x000000070ea00000| Untracked 
| 103|0x000000070ec00000, 0x000000070ec00000, 0x000000070ee00000|  0%| F|  |TAMS 0x000000070ec00000, 0x000000070ec00000| Untracked 
| 104|0x000000070ee00000, 0x000000070f000000, 0x000000070f000000|100%| S|CS|TAMS 0x000000070ee00000, 0x000000070ee00000| Complete 
| 105|0x000000070f000000, 0x000000070f200000, 0x000000070f200000|100%| S|CS|TAMS 0x000000070f000000, 0x000000070f000000| Complete 
| 106|0x000000070f200000, 0x000000070f400000, 0x000000070f400000|100%| S|CS|TAMS 0x000000070f200000, 0x000000070f200000| Complete 
| 107|0x000000070f400000, 0x000000070f400000, 0x000000070f600000|  0%| F|  |TAMS 0x000000070f400000, 0x000000070f400000| Untracked 
| 108|0x000000070f600000, 0x000000070f600000, 0x000000070f800000|  0%| F|  |TAMS 0x000000070f600000, 0x000000070f600000| Untracked 
| 109|0x000000070f800000, 0x000000070f800000, 0x000000070fa00000|  0%| F|  |TAMS 0x000000070f800000, 0x000000070f800000| Untracked 
| 110|0x000000070fa00000, 0x000000070fa00000, 0x000000070fc00000|  0%| F|  |TAMS 0x000000070fa00000, 0x000000070fa00000| Untracked 
| 111|0x000000070fc00000, 0x000000070fc00000, 0x000000070fe00000|  0%| F|  |TAMS 0x000000070fc00000, 0x000000070fc00000| Untracked 
| 112|0x000000070fe00000, 0x000000070fe00000, 0x0000000710000000|  0%| F|  |TAMS 0x000000070fe00000, 0x000000070fe00000| Untracked 
| 113|0x0000000710000000, 0x0000000710000000, 0x0000000710200000|  0%| F|  |TAMS 0x0000000710000000, 0x0000000710000000| Untracked 
| 114|0x0000000710200000, 0x0000000710200000, 0x0000000710400000|  0%| F|  |TAMS 0x0000000710200000, 0x0000000710200000| Untracked 
| 115|0x0000000710400000, 0x0000000710400000, 0x0000000710600000|  0%| F|  |TAMS 0x0000000710400000, 0x0000000710400000| Untracked 
| 116|0x0000000710600000, 0x0000000710600000, 0x0000000710800000|  0%| F|  |TAMS 0x0000000710600000, 0x0000000710600000| Untracked 
| 117|0x0000000710800000, 0x0000000710800800, 0x0000000710a00000|  0%| E|  |TAMS 0x0000000710800000, 0x0000000710800000| Complete 
| 118|0x0000000710a00000, 0x0000000710c00000, 0x0000000710c00000|100%| E|CS|TAMS 0x0000000710a00000, 0x0000000710a00000| Complete 
| 119|0x0000000710c00000, 0x0000000710e00000, 0x0000000710e00000|100%| E|CS|TAMS 0x0000000710c00000, 0x0000000710c00000| Complete 
| 120|0x0000000710e00000, 0x0000000711000000, 0x0000000711000000|100%| E|CS|TAMS 0x0000000710e00000, 0x0000000710e00000| Complete 
| 121|0x0000000711000000, 0x0000000711200000, 0x0000000711200000|100%| E|CS|TAMS 0x0000000711000000, 0x0000000711000000| Complete 
| 122|0x0000000711200000, 0x0000000711400000, 0x0000000711400000|100%| E|CS|TAMS 0x0000000711200000, 0x0000000711200000| Complete 
| 123|0x0000000711400000, 0x0000000711600000, 0x0000000711600000|100%| E|CS|TAMS 0x0000000711400000, 0x0000000711400000| Complete 
| 124|0x0000000711600000, 0x0000000711800000, 0x0000000711800000|100%| E|CS|TAMS 0x0000000711600000, 0x0000000711600000| Complete 
| 125|0x0000000711800000, 0x0000000711a00000, 0x0000000711a00000|100%| E|CS|TAMS 0x0000000711800000, 0x0000000711800000| Complete 
| 126|0x0000000711a00000, 0x0000000711c00000, 0x0000000711c00000|100%| E|CS|TAMS 0x0000000711a00000, 0x0000000711a00000| Complete 
| 127|0x0000000711c00000, 0x0000000711e00000, 0x0000000711e00000|100%| E|CS|TAMS 0x0000000711c00000, 0x0000000711c00000| Complete 

Card table byte_map: [0x000002d6a5bb0000,0x000002d6a63b0000] _byte_map_base: 0x000002d6a23a1000

Marking Bits (Prev, Next): (CMBitMap*) 0x000002d68d4dae50, (CMBitMap*) 0x000002d68d4dae90
 Prev Bits: [0x000002d6a6bb0000, 0x000002d6aab38000)
 Next Bits: [0x000002d6aab40000, 0x000002d6aeac8000)

Polling page: 0x000002d68b420000

Metaspace:

Usage:
  Non-class:     14.16 MB used.
      Class:      2.14 MB used.
       Both:     16.30 MB used.

Virtual space:
  Non-class space:       16.00 MB reserved,      14.31 MB ( 89%) committed,  2 nodes.
      Class space:        1.00 GB reserved,       2.31 MB ( <1%) committed,  1 nodes.
              Both:        1.02 GB reserved,      16.63 MB (  2%) committed. 

Chunk freelists:
   Non-Class:  1.73 MB
       Class:  1.72 MB
        Both:  3.45 MB

MaxMetaspaceSize: 17179869184.00 GB
CompressedClassSpaceSize: 1.00 GB
 - commit_granule_bytes: 65536.
 - commit_granule_words: 8192.
 - virtual_space_node_default_size: 1048576.
 - enlarge_chunks_in_place: 1.
 - new_chunks_are_fully_committed: 0.
 - uncommit_free_chunks: 1.
 - use_allocation_guard: 0.
 - handle_deallocations: 1.


Internal statistics:

num_allocs_failed_limit: 0.
num_arena_births: 342.
num_arena_deaths: 0.
num_vsnodes_births: 3.
num_vsnodes_deaths: 0.
num_space_committed: 266.
num_space_uncommitted: 0.
num_chunks_returned_to_freelist: 0.
num_chunks_taken_from_freelist: 909.
num_chunk_merges: 0.
num_chunk_splits: 595.
num_chunks_enlarged: 401.
num_purges: 0.

CodeHeap 'non-profiled nmethods': size=120000Kb used=1287Kb max_used=1287Kb free=118712Kb
 bounds [0x000002d69d930000, 0x000002d69dba0000, 0x000002d6a4e60000]
CodeHeap 'profiled nmethods': size=120000Kb used=5643Kb max_used=5643Kb free=114356Kb
 bounds [0x000002d696400000, 0x000002d696990000, 0x000002d69d930000]
CodeHeap 'non-nmethods': size=5760Kb used=1520Kb max_used=1638Kb free=4239Kb
 bounds [0x000002d695e60000, 0x000002d6960d0000, 0x000002d696400000]
 total_blobs=3769 nmethods=2964 adapters=716
 compilation: enabled
              stopped_count=0, restarted_count=0
 full_count=0

Compilation events (20 events):
Event: 68.483 Thread 0x000002d6b1780090 2960       3       com.sun.org.apache.xerces.internal.impl.XMLEntityScanner::checkLimit (256 bytes)
Event: 68.483 Thread 0x000002d6b177f5a0 2964       4       jdk.internal.misc.Unsafe::allocateUninitializedArray0 (90 bytes)
Event: 68.484 Thread 0x000002d6b1780090 nmethod 2960 0x000002d696974410 code [0x000002d696974920, 0x000002d696977ce8]
Event: 68.484 Thread 0x000002d6b1780090 2962       3       javafx.fxml.FXMLLoader$Element::isTyped (16 bytes)
Event: 68.485 Thread 0x000002d6b177f5a0 nmethod 2964 0x000002d69da71990 code [0x000002d69da71b20, 0x000002d69da71cb8]
Event: 68.485 Thread 0x000002d6b1780090 nmethod 2962 0x000002d696979010 code [0x000002d6969791c0, 0x000002d696979458]
Event: 68.485 Thread 0x000002d6b1780090 2963       3       java.util.LinkedList$ListItr::hasNext (20 bytes)
Event: 68.485 Thread 0x000002d6b1780090 nmethod 2963 0x000002d696979510 code [0x000002d6969796a0, 0x000002d696979818]
Event: 68.485 Thread 0x000002d6b1780090 2966       3       com.sun.javafx.fxml.BeanAdapter::getGetterMethod (42 bytes)
Event: 68.487 Thread 0x000002d6b177f5a0 2969       4       java.lang.String::toLowerCase (29 bytes)
Event: 68.489 Thread 0x000002d6b1780090 nmethod 2966 0x000002d696979910 code [0x000002d69697a100, 0x000002d69697efc8]
Event: 68.489 Thread 0x000002d6b1780090 2970       3       com.sun.javafx.scene.ParentHelper::getAllParentStylesheets (12 bytes)
Event: 68.489 Thread 0x000002d6b1780090 nmethod 2970 0x000002d696981190 code [0x000002d696981360, 0x000002d696981658]
Event: 68.489 Thread 0x000002d6b1780090 2967       3       java.lang.Class::getPackage (38 bytes)
Event: 68.489 Thread 0x000002d6b1780090 nmethod 2967 0x000002d696981790 code [0x000002d6969819a0, 0x000002d696981fd8]
Event: 68.489 Thread 0x000002d6b1780090 2968       3       java.lang.ClassLoader::definePackage (29 bytes)
Event: 68.490 Thread 0x000002d6b1780090 nmethod 2968 0x000002d696982190 code [0x000002d696982360, 0x000002d696982688]
Event: 68.490 Thread 0x000002d6b1780090 2972       3       com.sun.javafx.scene.ParentHelper::getAllParentStylesheetsImpl (10 bytes)
Event: 68.490 Thread 0x000002d6b1780090 nmethod 2972 0x000002d696982790 code [0x000002d696982940, 0x000002d696982b48]
Event: 68.490 Thread 0x000002d6b1780090 2973   !   3       java.io.CharArrayReader::read (50 bytes)

GC Heap History (4 events):
Event: 0.536 GC heap before
{Heap before GC invocations=0 (full 0):
 garbage-first heap   total 262144K, used 22528K [0x0000000701e00000, 0x0000000800000000)
  region size 2048K, 11 young (22528K), 0 survivors (0K)
 Metaspace       used 4131K, committed 4288K, reserved 1056768K
  class space    used 401K, committed 448K, reserved 1048576K
}
Event: 0.538 GC heap after
{Heap after GC invocations=1 (full 0):
 garbage-first heap   total 262144K, used 2544K [0x0000000701e00000, 0x0000000800000000)
  region size 2048K, 2 young (4096K), 2 survivors (4096K)
 Metaspace       used 4131K, committed 4288K, reserved 1056768K
  class space    used 401K, committed 448K, reserved 1048576K
}
Event: 0.976 GC heap before
{Heap before GC invocations=1 (full 0):
 garbage-first heap   total 262144K, used 39408K [0x0000000701e00000, 0x0000000800000000)
  region size 2048K, 21 young (43008K), 2 survivors (4096K)
 Metaspace       used 13449K, committed 13632K, reserved 1064960K
  class space    used 1891K, committed 1984K, reserved 1048576K
}
Event: 0.979 GC heap after
{Heap after GC invocations=2 (full 0):
 garbage-first heap   total 262144K, used 6189K [0x0000000701e00000, 0x0000000800000000)
  region size 2048K, 3 young (6144K), 3 survivors (6144K)
 Metaspace       used 13449K, committed 13632K, reserved 1064960K
  class space    used 1891K, committed 1984K, reserved 1048576K
}

Deoptimization events (20 events):
Event: 58.682 Thread 0x000002d6b21e0d30 DEOPT PACKING pc=0x000002d69d979750 sp=0x000000dcb2ff9d90
Event: 58.682 Thread 0x000002d6b21e0d30 DEOPT UNPACKING pc=0x000002d695ead72e sp=0x000000dcb2ff9d08 mode 2
Event: 68.479 Thread 0x000002d6b21e0d30 DEOPT PACKING pc=0x000002d69657909c sp=0x000000dcb2ffa5e0
Event: 68.479 Thread 0x000002d6b21e0d30 DEOPT UNPACKING pc=0x000002d695eadece sp=0x000000dcb2ff9a78 mode 1
Event: 68.479 Thread 0x000002d6b21e0d30 DEOPT PACKING pc=0x000002d69652e964 sp=0x000000dcb2ffa6b0
Event: 68.479 Thread 0x000002d6b21e0d30 DEOPT UNPACKING pc=0x000002d695eadece sp=0x000000dcb2ff9b68 mode 1
Event: 68.480 Thread 0x000002d6b21e0d30 DEOPT PACKING pc=0x000002d69657909c sp=0x000000dcb2ffa5e0
Event: 68.480 Thread 0x000002d6b21e0d30 DEOPT UNPACKING pc=0x000002d695eadece sp=0x000000dcb2ff9a78 mode 1
Event: 68.480 Thread 0x000002d6b21e0d30 DEOPT PACKING pc=0x000002d69652e964 sp=0x000000dcb2ffa6b0
Event: 68.480 Thread 0x000002d6b21e0d30 DEOPT UNPACKING pc=0x000002d695eadece sp=0x000000dcb2ff9b68 mode 1
Event: 68.480 Thread 0x000002d6b21e0d30 DEOPT PACKING pc=0x000002d69657909c sp=0x000000dcb2ffa5e0
Event: 68.480 Thread 0x000002d6b21e0d30 DEOPT UNPACKING pc=0x000002d695eadece sp=0x000000dcb2ff9a78 mode 1
Event: 68.480 Thread 0x000002d6b21e0d30 DEOPT PACKING pc=0x000002d69652e964 sp=0x000000dcb2ffa6b0
Event: 68.480 Thread 0x000002d6b21e0d30 DEOPT UNPACKING pc=0x000002d695eadece sp=0x000000dcb2ff9b68 mode 1
Event: 68.486 Thread 0x000002d6b21e0d30 DEOPT PACKING pc=0x000002d696632fe4 sp=0x000000dcb2ffa660
Event: 68.486 Thread 0x000002d6b21e0d30 DEOPT UNPACKING pc=0x000002d695eadece sp=0x000000dcb2ff9b30 mode 1
Event: 68.489 Thread 0x000002d6b21e1280 DEOPT PACKING pc=0x000002d696823d64 sp=0x000000dcb2cfed90
Event: 68.489 Thread 0x000002d6b21e1280 DEOPT UNPACKING pc=0x000002d695eadece sp=0x000000dcb2cfe2b0 mode 1
Event: 68.490 Thread 0x000002d6b3380590 DEOPT PACKING pc=0x000002d696565154 sp=0x000000dcb12fef50
Event: 68.490 Thread 0x000002d6b3380590 DEOPT UNPACKING pc=0x000002d695eadece sp=0x000000dcb12fe3b0 mode 1

Classes unloaded (0 events):
No events

Classes redefined (0 events):
No events

Internal exceptions (20 events):
Event: 0.841 Thread 0x000002d6b21e0d30 Implicit null exception at 0x000002d69d997ea2 to 0x000002d69d99834c
Event: 0.843 Thread 0x000002d6b21e0d30 Implicit null exception at 0x000002d69d9542af to 0x000002d69d95432d
Event: 0.924 Thread 0x000002d6b21e0d30 Exception <a 'java/lang/ClassNotFoundException'{0x000000070f8d54a0}: com/sun/javafx/scene/control/skin/resources/controls> (0x000000070f8d54a0) 
thrown [c:\wsjdk\correttojdksrc\installers\windows\zip\corretto-build\buildroot\src\hotspot\share\prims\jni.cpp, line 600]
Event: 0.924 Thread 0x000002d6b21e0d30 Exception <a 'java/lang/ClassNotFoundException'{0x000000070f8e2fa0}: com/sun/javafx/scene/control/skin/resources/controls_en> (0x000000070f8e2fa0) 
thrown [c:\wsjdk\correttojdksrc\installers\windows\zip\corretto-build\buildroot\src\hotspot\share\prims\jni.cpp, line 600]
Event: 0.924 Thread 0x000002d6b21e0d30 Exception <a 'java/lang/ClassNotFoundException'{0x000000070f8e3f38}: com/sun/javafx/scene/control/skin/resources/controls_en_US> (0x000000070f8e3f38) 
thrown [c:\wsjdk\correttojdksrc\installers\windows\zip\corretto-build\buildroot\src\hotspot\share\prims\jni.cpp, line 600]
Event: 0.951 Thread 0x000002d6b21e0d30 Exception <a 'java/lang/NoSuchMethodError'{0x000000070f6bec30}: 'void java.lang.invoke.DirectMethodHandle$Holder.invokeSpecial(java.lang.Object, java.lang.Object, java.lang.Object, java.lang.Object, java.lang.Object, java.lang.Object)'> (0x000000070f6bec30) 
thrown [c:\wsjdk\correttojdksrc\installers\windows\zip\corretto-build\buildroot\src\hotspot\share\interpreter\linkResolver.cpp, line 790]
Event: 0.982 Thread 0x000002d6b21e0d30 Exception <a 'java/lang/NoSuchMethodError'{0x0000000711c1c190}: 'java.lang.Object java.lang.invoke.DirectMethodHandle$Holder.invokeInterface(java.lang.Object, java.lang.Object, java.lang.Object)'> (0x0000000711c1c190) 
thrown [c:\wsjdk\correttojdksrc\installers\windows\zip\corretto-build\buildroot\src\hotspot\share\interpreter\linkResolver.cpp, line 790]
Event: 0.982 Thread 0x000002d6b21e0d30 Exception <a 'java/lang/IncompatibleClassChangeError'{0x0000000711c1fd10}: Found class java.lang.Object, but interface was expected> (0x0000000711c1fd10) 
thrown [c:\wsjdk\correttojdksrc\installers\windows\zip\corretto-build\buildroot\src\hotspot\share\interpreter\linkResolver.cpp, line 857]
Event: 1.023 Thread 0x000002d6b21e0d30 Exception <a 'java/lang/NoSuchMethodError'{0x0000000711b47c60}: 'java.lang.Object java.lang.invoke.DirectMethodHandle$Holder.newInvokeSpecial(java.lang.Object, java.lang.Object, int)'> (0x0000000711b47c60) 
thrown [c:\wsjdk\correttojdksrc\installers\windows\zip\corretto-build\buildroot\src\hotspot\share\interpreter\linkResolver.cpp, line 790]
Event: 1.037 Thread 0x000002d6b21e1280 Exception <a 'java/lang/NoSuchMethodError'{0x00000007119124a8}: 'int java.lang.invoke.DirectMethodHandle$Holder.invokeStaticInit(java.lang.Object, java.lang.Object)'> (0x00000007119124a8) 
thrown [c:\wsjdk\correttojdksrc\installers\windows\zip\corretto-build\buildroot\src\hotspot\share\interpreter\linkResolver.cpp, line 790]
Event: 1.044 Thread 0x000002d6b21e0d30 Exception <a 'java/lang/NoSuchMethodError'{0x0000000711bc9f30}: 'long java.lang.invoke.DirectMethodHandle$Holder.invokeStatic(java.lang.Object, java.lang.Object, java.lang.Object)'> (0x0000000711bc9f30) 
thrown [c:\wsjdk\correttojdksrc\installers\windows\zip\corretto-build\buildroot\src\hotspot\share\interpreter\linkResolver.cpp, line 790]
Event: 1.044 Thread 0x000002d6b21e0d30 Exception <a 'java/lang/NoSuchMethodError'{0x0000000711bcd8e0}: 'long java.lang.invoke.DirectMethodHandle$Holder.invokeStaticInit(java.lang.Object, java.lang.Object, java.lang.Object)'> (0x0000000711bcd8e0) 
thrown [c:\wsjdk\correttojdksrc\installers\windows\zip\corretto-build\buildroot\src\hotspot\share\interpreter\linkResolver.cpp, line 790]
Event: 1.046 Thread 0x000002d6b21e0d30 Exception <a 'java/lang/NoSuchMethodError'{0x0000000711be5800}: 'java.lang.Object java.lang.invoke.DirectMethodHandle$Holder.newInvokeSpecial(java.lang.Object, java.lang.Object, long)'> (0x0000000711be5800) 
thrown [c:\wsjdk\correttojdksrc\installers\windows\zip\corretto-build\buildroot\src\hotspot\share\interpreter\linkResolver.cpp, line 790]
Event: 1.046 Thread 0x000002d6b21e0d30 Exception <a 'java/lang/NoSuchMethodError'{0x0000000711be9570}: 'java.lang.Object java.lang.invoke.Invokers$Holder.linkToTargetMethod(java.lang.Object, long, java.lang.Object)'> (0x0000000711be9570) 
thrown [c:\wsjdk\correttojdksrc\installers\windows\zip\corretto-build\buildroot\src\hotspot\share\interpreter\linkResolver.cpp, line 790]
Event: 58.692 Thread 0x000002d6b21e0d30 Exception <a 'java/lang/NoSuchMethodError'{0x0000000710c6e568}: 'java.lang.Object java.lang.invoke.DirectMethodHandle$Holder.invokeSpecial(java.lang.Object, java.lang.Object, long, java.lang.Object, java.lang.Object, java.lang.Object, java.lang.Object, java.lang.Object, java.lang.Object, java.lang.Object, java.lang.Object, java.lang.Object)'> (0x0000000710c6e568) 
thrown [c:\wsjdk\correttojdksrc\installers\windows\zip\corretto-build\buildroot\src\hotspot\share\interpreter\linkResolver.cpp, line 790]
Event: 58.692 Thread 0x000002d6b21e0d30 Exception <a 'java/lang/NoSuchMethodError'{0x0000000710c73200}: 'java.lang.Object java.lang.invoke.DelegatingMethodHandle$Holder.reinvoke_L(java.lang.Object, long, java.lang.Object, java.lang.Object, java.lang.Object, java.lang.Object, java.lang.Object, java.lang.Object, java.lang.Object, java.lang.Object, java.lang.Object)'> (0x0000000710c73200) 
thrown [c:\wsjdk\correttojdksrc\installers\windows\zip\corretto-build\buildroot\src\hotspot\share\interpreter\linkResolver.cpp, line 790]
Event: 58.697 Thread 0x000002d6b21e0d30 Exception <a 'java/lang/NoSuchMethodError'{0x0000000710cee6b8}: 'java.lang.Object java.lang.invoke.DirectMethodHandle$Holder.invokeSpecial(java.lang.Object, java.lang.Object, long, java.lang.Object, java.lang.Object, java.lang.Object, java.lang.Object, java.lang.Object, java.lang.Object)'> (0x0000000710cee6b8) 
thrown [c:\wsjdk\correttojdksrc\installers\windows\zip\corretto-build\buildroot\src\hotspot\share\interpreter\linkResolver.cpp, line 790]
Event: 58.697 Thread 0x000002d6b21e0d30 Exception <a 'java/lang/NoSuchMethodError'{0x0000000710cf3688}: 'java.lang.Object java.lang.invoke.DelegatingMethodHandle$Holder.reinvoke_L(java.lang.Object, long, java.lang.Object, java.lang.Object, java.lang.Object, java.lang.Object, java.lang.Object, java.lang.Object)'> (0x0000000710cf3688) 
thrown [c:\wsjdk\correttojdksrc\installers\windows\zip\corretto-build\buildroot\src\hotspot\share\interpreter\linkResolver.cpp, line 790]
Event: 58.700 Thread 0x000002d6b21e0d30 Exception <a 'java/lang/NoSuchMethodError'{0x0000000710d143e0}: 'java.lang.Object java.lang.invoke.DirectMethodHandle$Holder.invokeSpecial(java.lang.Object, java.lang.Object, double, double)'> (0x0000000710d143e0) 
thrown [c:\wsjdk\correttojdksrc\installers\windows\zip\corretto-build\buildroot\src\hotspot\share\interpreter\linkResolver.cpp, line 790]
Event: 68.466 Thread 0x000002d6b21e0d30 Exception <a 'java/lang/NoSuchMethodError'{0x0000000710d6da30}: static Lcom/example/kusach/entity/User;.<clinit>()V> (0x0000000710d6da30) 
thrown [c:\wsjdk\correttojdksrc\installers\windows\zip\corretto-build\buildroot\src\hotspot\share\prims\jni.cpp, line 1210]

Events (20 events):
Event: 68.466 loading class sun/security/provider/SHA
Event: 68.466 loading class sun/security/provider/SHA done
Event: 68.467 loading class java/io/ObjectStreamClass$ClassDataSlot
Event: 68.467 loading class java/io/ObjectStreamClass$ClassDataSlot done
Event: 68.467 loading class jdk/internal/reflect/UnsafeQualifiedStaticLongFieldAccessorImpl
Event: 68.467 loading class jdk/internal/reflect/UnsafeQualifiedStaticLongFieldAccessorImpl done
Event: 68.469 loading class java/io/ObjectStreamClass$ExceptionInfo
Event: 68.469 loading class java/io/ObjectStreamClass$ExceptionInfo done
Event: 68.487 loading class jdk/internal/misc/Signal$1
Event: 68.488 loading class jdk/internal/misc/Signal$1 done
Event: 68.488 Thread 0x000002d6b3380040 Thread added: 0x000002d6b3380040
Event: 68.488 Thread 0x000002d6b3380590 Thread added: 0x000002d6b3380590
Event: 68.489 Thread 0x000002d6b337ab40 Thread added: 0x000002d6b337ab40
Event: 68.489 loading class com/sun/javafx/tk/quantum/QuantumRenderer
Event: 68.489 loading class com/sun/javafx/tk/quantum/QuantumRenderer done
Event: 68.489 Thread 0x000002d6b337ab40 Thread exited: 0x000002d6b337ab40
Event: 68.489 loading class com/sun/javafx/tk/quantum/QuantumToolkit
Event: 68.489 loading class com/sun/javafx/tk/quantum/QuantumToolkit done
Event: 68.490 Thread 0x000002d6b3380590 Thread exited: 0x000002d6b3380590
Event: 68.490 Executing  VM operation: Exit


Dynamic libraries:
0x00007ff7d76d0000 - 0x00007ff7d76dd000 	C:\Users\subar\.jdks\corretto-16.0.2\bin\java.exe
0x00007ff980c10000 - 0x00007ff980e08000 	C:\Windows\SYSTEM32\ntdll.dll
0x00007ff980970000 - 0x00007ff980a2f000 	C:\Windows\System32\KERNEL32.DLL
0x00007ff97e3d0000 - 0x00007ff97e6a2000 	C:\Windows\System32\KERNELBASE.dll
0x00007ff97e750000 - 0x00007ff97e850000 	C:\Windows\System32\ucrtbase.dll
0x00007ff9590b0000 - 0x00007ff9590c8000 	C:\Users\subar\.jdks\corretto-16.0.2\bin\jli.dll
0x00007ff959090000 - 0x00007ff9590a5000 	C:\Users\subar\.jdks\corretto-16.0.2\bin\VCRUNTIME140.dll
0x00007ff980a30000 - 0x00007ff980bcd000 	C:\Windows\System32\USER32.dll
0x00007ff97e8e0000 - 0x00007ff97e902000 	C:\Windows\System32\win32u.dll
0x00007ff961ee0000 - 0x00007ff96217a000 	C:\Windows\WinSxS\amd64_microsoft.windows.common-controls_6595b64144ccf1df_6.0.19041.1110_none_60b5254171f9507e\COMCTL32.dll
0x00007ff97fe40000 - 0x00007ff97fe6b000 	C:\Windows\System32\GDI32.dll
0x00007ff980860000 - 0x00007ff9808fe000 	C:\Windows\System32\msvcrt.dll
0x00007ff97ea70000 - 0x00007ff97eb7f000 	C:\Windows\System32\gdi32full.dll
0x00007ff97e6b0000 - 0x00007ff97e74d000 	C:\Windows\System32\msvcp_win.dll
0x00007ff97fe70000 - 0x00007ff97fea2000 	C:\Windows\System32\IMM32.DLL
0x00007ff9405c0000 - 0x00007ff94065b000 	C:\Users\subar\.jdks\corretto-16.0.2\bin\msvcp140.dll
0x00007ff8f2140000 - 0x00007ff8f2d49000 	C:\Users\subar\.jdks\corretto-16.0.2\bin\server\jvm.dll
0x00007ff9807b0000 - 0x00007ff98085e000 	C:\Windows\System32\ADVAPI32.dll
0x00007ff97f7c0000 - 0x00007ff97f85c000 	C:\Windows\System32\sechost.dll
0x00007ff97f9a0000 - 0x00007ff97fac5000 	C:\Windows\System32\RPCRT4.dll
0x00007ff97f880000 - 0x00007ff97f888000 	C:\Windows\System32\PSAPI.DLL
0x00007ff970410000 - 0x00007ff970437000 	C:\Windows\SYSTEM32\WINMM.dll
0x00007ff95d7b0000 - 0x00007ff95d7b9000 	C:\Windows\SYSTEM32\WSOCK32.dll
0x00007ff972b50000 - 0x00007ff972b5a000 	C:\Windows\SYSTEM32\VERSION.dll
0x00007ff97feb0000 - 0x00007ff97ff1b000 	C:\Windows\System32\WS2_32.dll
0x00007ff97cb60000 - 0x00007ff97cb72000 	C:\Windows\SYSTEM32\kernel.appcore.dll
0x00007ff960aa0000 - 0x00007ff960aaa000 	C:\Users\subar\.jdks\corretto-16.0.2\bin\jimage.dll
0x00007ff976470000 - 0x00007ff976654000 	C:\Windows\SYSTEM32\DBGHELP.DLL
0x00007ff95e490000 - 0x00007ff95e4bc000 	C:\Windows\SYSTEM32\dbgcore.DLL
0x00007ff97e850000 - 0x00007ff97e8d2000 	C:\Windows\System32\bcryptPrimitives.dll
0x00007ff93e600000 - 0x00007ff93e63a000 	C:\Users\subar\.jdks\corretto-16.0.2\bin\jdwp.dll
0x00007ff975590000 - 0x00007ff97559e000 	C:\Users\subar\.jdks\corretto-16.0.2\bin\instrument.dll
0x00007ff959060000 - 0x00007ff959085000 	C:\Users\subar\.jdks\corretto-16.0.2\bin\java.dll
0x00007ff94aa90000 - 0x00007ff94aaa8000 	C:\Users\subar\.jdks\corretto-16.0.2\bin\zip.dll
0x00007ff97ee30000 - 0x00007ff97f573000 	C:\Windows\System32\SHELL32.dll
0x00007ff97c380000 - 0x00007ff97cb12000 	C:\Windows\SYSTEM32\windows.storage.dll
0x00007ff97fad0000 - 0x00007ff97fe24000 	C:\Windows\System32\combase.dll
0x00007ff97dd00000 - 0x00007ff97dd30000 	C:\Windows\SYSTEM32\Wldp.dll
0x00007ff97f890000 - 0x00007ff97f93d000 	C:\Windows\System32\SHCORE.dll
0x00007ff9804d0000 - 0x00007ff980525000 	C:\Windows\System32\shlwapi.dll
0x00007ff97e250000 - 0x00007ff97e26f000 	C:\Windows\SYSTEM32\profapi.dll
0x00007ff959040000 - 0x00007ff959059000 	C:\Users\subar\.jdks\corretto-16.0.2\bin\net.dll
0x00007ff96b000000 - 0x00007ff96b10c000 	C:\Windows\SYSTEM32\WINHTTP.dll
0x00007ff97da60000 - 0x00007ff97daca000 	C:\Windows\system32\mswsock.dll
0x00007ff950fd0000 - 0x00007ff950fe3000 	C:\Users\subar\.jdks\corretto-16.0.2\bin\nio.dll
0x00007ff94b7f0000 - 0x00007ff94b7fc000 	C:\Users\subar\.jdks\corretto-16.0.2\bin\dt_socket.dll
0x00007ff97d6e0000 - 0x00007ff97d71b000 	C:\Windows\SYSTEM32\IPHLPAPI.DLL
0x000002d68b460000 - 0x000002d68b463000 	C:\Users\subar\.openjfx\cache\16\api-ms-win-core-console-l1-1-0.dll
0x000002d68b470000 - 0x000002d68b473000 	C:\Users\subar\.openjfx\cache\16\api-ms-win-core-console-l1-2-0.dll
0x000002d68b480000 - 0x000002d68b483000 	C:\Users\subar\.openjfx\cache\16\api-ms-win-core-datetime-l1-1-0.dll
0x000002d68b490000 - 0x000002d68b493000 	C:\Users\subar\.openjfx\cache\16\api-ms-win-core-debug-l1-1-0.dll
0x000002d68b4a0000 - 0x000002d68b4a3000 	C:\Users\subar\.openjfx\cache\16\api-ms-win-core-errorhandling-l1-1-0.dll
0x000002d68b4b0000 - 0x000002d68b4b4000 	C:\Users\subar\.openjfx\cache\16\api-ms-win-core-file-l1-1-0.dll
0x000002d68d440000 - 0x000002d68d443000 	C:\Users\subar\.openjfx\cache\16\api-ms-win-core-file-l1-2-0.dll
0x000002d68d450000 - 0x000002d68d453000 	C:\Users\subar\.openjfx\cache\16\api-ms-win-core-file-l2-1-0.dll
0x000002d68d460000 - 0x000002d68d463000 	C:\Users\subar\.openjfx\cache\16\api-ms-win-core-handle-l1-1-0.dll
0x000002d6b1790000 - 0x000002d6b1793000 	C:\Users\subar\.openjfx\cache\16\api-ms-win-core-heap-l1-1-0.dll
0x000002d6b17a0000 - 0x000002d6b17a3000 	C:\Users\subar\.openjfx\cache\16\api-ms-win-core-interlocked-l1-1-0.dll
0x000002d6b17b0000 - 0x000002d6b17b3000 	C:\Users\subar\.openjfx\cache\16\api-ms-win-core-libraryloader-l1-1-0.dll
0x000002d6b17c0000 - 0x000002d6b17c3000 	C:\Users\subar\.openjfx\cache\16\api-ms-win-core-localization-l1-2-0.dll
0x000002d6b17d0000 - 0x000002d6b17d3000 	C:\Users\subar\.openjfx\cache\16\api-ms-win-core-memory-l1-1-0.dll
0x000002d6b17e0000 - 0x000002d6b17e3000 	C:\Users\subar\.openjfx\cache\16\api-ms-win-core-namedpipe-l1-1-0.dll
0x000002d6b17f0000 - 0x000002d6b17f3000 	C:\Users\subar\.openjfx\cache\16\api-ms-win-core-processenvironment-l1-1-0.dll
0x000002d6b3cd0000 - 0x000002d6b3cd3000 	C:\Users\subar\.openjfx\cache\16\api-ms-win-core-processthreads-l1-1-0.dll
0x000002d6b3ce0000 - 0x000002d6b3ce3000 	C:\Users\subar\.openjfx\cache\16\api-ms-win-core-processthreads-l1-1-1.dll
0x000002d6b3cf0000 - 0x000002d6b3cf3000 	C:\Users\subar\.openjfx\cache\16\api-ms-win-core-profile-l1-1-0.dll
0x000002d6b3d00000 - 0x000002d6b3d03000 	C:\Users\subar\.openjfx\cache\16\api-ms-win-core-rtlsupport-l1-1-0.dll
0x000002d6b3d10000 - 0x000002d6b3d13000 	C:\Users\subar\.openjfx\cache\16\api-ms-win-core-string-l1-1-0.dll
0x000002d6b3d20000 - 0x000002d6b3d23000 	C:\Users\subar\.openjfx\cache\16\api-ms-win-core-synch-l1-1-0.dll
0x000002d6b3d30000 - 0x000002d6b3d33000 	C:\Users\subar\.openjfx\cache\16\api-ms-win-core-synch-l1-2-0.dll
0x000002d6b3d40000 - 0x000002d6b3d43000 	C:\Users\subar\.openjfx\cache\16\api-ms-win-core-sysinfo-l1-1-0.dll
0x000002d6b3d50000 - 0x000002d6b3d53000 	C:\Users\subar\.openjfx\cache\16\api-ms-win-core-timezone-l1-1-0.dll
0x000002d6b3d60000 - 0x000002d6b3d63000 	C:\Users\subar\.openjfx\cache\16\api-ms-win-core-util-l1-1-0.dll
0x000002d6b3d70000 - 0x000002d6b3d73000 	C:\Users\subar\.openjfx\cache\16\api-ms-win-crt-conio-l1-1-0.dll
0x000002d6b3d80000 - 0x000002d6b3d84000 	C:\Users\subar\.openjfx\cache\16\api-ms-win-crt-convert-l1-1-0.dll
0x000002d6b3d90000 - 0x000002d6b3d93000 	C:\Users\subar\.openjfx\cache\16\api-ms-win-crt-environment-l1-1-0.dll
0x000002d6b3da0000 - 0x000002d6b3da3000 	C:\Users\subar\.openjfx\cache\16\api-ms-win-crt-filesystem-l1-1-0.dll
0x000002d6b3db0000 - 0x000002d6b3db3000 	C:\Users\subar\.openjfx\cache\16\api-ms-win-crt-heap-l1-1-0.dll
0x000002d6b3dc0000 - 0x000002d6b3dc3000 	C:\Users\subar\.openjfx\cache\16\api-ms-win-crt-locale-l1-1-0.dll
0x000002d6b3dd0000 - 0x000002d6b3dd5000 	C:\Users\subar\.openjfx\cache\16\api-ms-win-crt-math-l1-1-0.dll
0x000002d6b3de0000 - 0x000002d6b3de5000 	C:\Users\subar\.openjfx\cache\16\api-ms-win-crt-multibyte-l1-1-0.dll
0x000002d6b3df0000 - 0x000002d6b3e00000 	C:\Users\subar\.openjfx\cache\16\api-ms-win-crt-private-l1-1-0.dll
0x000002d6b3e00000 - 0x000002d6b3e03000 	C:\Users\subar\.openjfx\cache\16\api-ms-win-crt-process-l1-1-0.dll
0x000002d6b3e10000 - 0x000002d6b3e14000 	C:\Users\subar\.openjfx\cache\16\api-ms-win-crt-runtime-l1-1-0.dll
0x000002d6b3e20000 - 0x000002d6b3e24000 	C:\Users\subar\.openjfx\cache\16\api-ms-win-crt-stdio-l1-1-0.dll
0x000002d6b3e30000 - 0x000002d6b3e34000 	C:\Users\subar\.openjfx\cache\16\api-ms-win-crt-string-l1-1-0.dll
0x000002d6b3e40000 - 0x000002d6b3e43000 	C:\Users\subar\.openjfx\cache\16\api-ms-win-crt-time-l1-1-0.dll
0x000002d6b3e50000 - 0x000002d6b3e53000 	C:\Users\subar\.openjfx\cache\16\api-ms-win-crt-utility-l1-1-0.dll
0x00007ff92e8a0000 - 0x00007ff92e99c000 	C:\Users\subar\.openjfx\cache\16\ucrtbase.dll
0x00007ff941540000 - 0x00007ff941559000 	C:\Users\subar\.openjfx\cache\16\vcruntime140.dll
0x00007ff94aa80000 - 0x00007ff94aa8c000 	C:\Users\subar\.openjfx\cache\16\vcruntime140_1.dll
0x00007ff935a10000 - 0x00007ff935aa1000 	C:\Users\subar\.openjfx\cache\16\msvcp140.dll
0x00007ff93edb0000 - 0x00007ff93edd7000 	C:\Users\subar\.openjfx\cache\16\prism_d3d.dll
0x00007ff9661a0000 - 0x00007ff96636f000 	C:\Windows\system32\d3d9.dll
0x00007ff978650000 - 0x00007ff97867f000 	C:\Windows\SYSTEM32\dwmapi.dll
0x00007ff978470000 - 0x00007ff97850e000 	C:\Windows\system32\uxtheme.dll
0x00007ff97de90000 - 0x00007ff97dea2000 	C:\Windows\SYSTEM32\msasn1.dll
0x00007ff971830000 - 0x00007ff971861000 	C:\Windows\SYSTEM32\cryptnet.dll
0x00007ff97e910000 - 0x00007ff97ea66000 	C:\Windows\System32\CRYPT32.dll
0x00007ff9716e0000 - 0x00007ff971828000 	C:\Windows\SYSTEM32\drvstore.dll
0x00007ff97e070000 - 0x00007ff97e09c000 	C:\Windows\SYSTEM32\devobj.dll
0x00007ff97e310000 - 0x00007ff97e35e000 	C:\Windows\System32\cfgmgr32.dll
0x00007ff97dc70000 - 0x00007ff97dc7c000 	C:\Windows\SYSTEM32\cryptbase.dll
0x00007ff97e360000 - 0x00007ff97e3ca000 	C:\Windows\System32\WINTRUST.DLL
0x00007ff97f860000 - 0x00007ff97f87d000 	C:\Windows\System32\imagehlp.dll
0x00007ff97dc50000 - 0x00007ff97dc68000 	C:\Windows\SYSTEM32\CRYPTSP.dll
0x00007ff97d310000 - 0x00007ff97d344000 	C:\Windows\system32\rsaenh.dll
0x00007ff97eb80000 - 0x00007ff97eba7000 	C:\Windows\System32\bcrypt.dll
0x00007ff93e380000 - 0x00007ff93e3c2000 	C:\Users\subar\.openjfx\cache\16\glass.dll
0x00007ff97ff20000 - 0x00007ff97fffa000 	C:\Windows\System32\COMDLG32.dll
0x00007ff97f690000 - 0x00007ff97f7ba000 	C:\Windows\System32\ole32.dll
0x00007ff980530000 - 0x00007ff9805fd000 	C:\Windows\System32\OLEAUT32.dll
0x00007ff97ec60000 - 0x00007ff97ed75000 	C:\Windows\System32\MSCTF.dll
0x00007ff92e9e0000 - 0x00007ff92ecaf000 	C:\Windows\system32\nvspcap64.dll
0x00007ff97d430000 - 0x00007ff97d463000 	C:\Windows\SYSTEM32\ntmarta.dll
0x00007ff97cb80000 - 0x00007ff97cba3000 	C:\Windows\SYSTEM32\gpapi.dll
0x00007ff972b60000 - 0x00007ff972b9b000 	C:\Windows\SYSTEM32\dxcore.dll
0x00007ff97d720000 - 0x00007ff97d7ea000 	C:\Windows\SYSTEM32\DNSAPI.dll
0x00007ff980960000 - 0x00007ff980968000 	C:\Windows\System32\NSI.dll
0x0000000050000000 - 0x0000000050026000 	C:\Program Files\Bonjour\mdnsNSP.dll
0x00007ff961da0000 - 0x00007ff961daa000 	C:\Windows\System32\rasadhlp.dll
0x00007ff962220000 - 0x00007ff9622a0000 	C:\Windows\System32\fwpuclnt.dll
0x00007ff93e360000 - 0x00007ff93e374000 	C:\Users\subar\.openjfx\cache\16\javafx_font.dll
0x00007ff947df0000 - 0x00007ff94806f000 	C:\Windows\SYSTEM32\dwrite.dll
0x00007ff97ed80000 - 0x00007ff97ee2f000 	C:\Windows\System32\clbcatq.dll
0x00007ff9747e0000 - 0x00007ff974994000 	C:\Windows\SYSTEM32\WindowsCodecs.dll
0x00007ff943b20000 - 0x00007ff943b5e000 	C:\Windows\system32\dataexchange.dll
0x00007ff977410000 - 0x00007ff977673000 	C:\Windows\system32\d3d11.dll

dbghelp: loaded successfully - version: 4.0.5 - missing functions: none
symbol engine: initialized successfully - sym options: 0x614 - pdb path: .;C:\Users\subar\.jdks\corretto-16.0.2\bin;C:\Windows\SYSTEM32;C:\Windows\WinSxS\amd64_microsoft.windows.common-controls_6595b64144ccf1df_6.0.19041.1110_none_60b5254171f9507e;C:\Users\subar\.jdks\corretto-16.0.2\bin\server;C:\Users\subar\.openjfx\cache\16;C:\Windows\System32\DriverStore\FileRepository\nvhmi.inf_amd64_089fa0c576d7dd56;C:\Program Files\Bonjour;C:\Program Files\Common Files\Microsoft Shared\Ink

VM Arguments:
jvm_args: -agentlib:jdwp=transport=dt_socket,address=127.0.0.1:52245,suspend=y,server=n -javaagent:C:\Users\subar\AppData\Local\JetBrains\IdeaIC2022.2\captureAgent\debugger-agent.jar -Dfile.encoding=UTF-8 --module-path=C:\Users\subar\.m2\repository\org\kordamp\ikonli\ikonli-core\12.2.0\ikonli-core-12.2.0.jar;C:\Users\subar\.m2\repository\eu\hansolo\tilesfx\11.48\tilesfx-11.48.jar;C:\Users\subar\.m2\repository\org\openjfx\javafx-web\16\javafx-web-16-win.jar;C:\Users\subar\.m2\repository\org\kordamp\ikonli\ikonli-javafx\12.2.0\ikonli-javafx-12.2.0.jar;C:\Users\subar\.m2\repository\org\openjfx\javafx-media\16\javafx-media-16-win.jar;C:\Users\subar\.m2\repository\org\openjfx\javafx-base\16\javafx-base-16-win.jar;C:\Users\subar\.m2\repository\org\kordamp\bootstrapfx\bootstrapfx-core\0.4.0\bootstrapfx-core-0.4.0.jar;C:\Users\subar\OneDrive\Desktop\Semester project\Car Sales\target\classes;C:\Users\subar\.m2\repository\org\openjfx\javafx-controls\16\javafx-controls-16-win.jar;C:\Users\subar\.m2\repository\org\openjfx\javafx-graphics\16\javafx-graphics-16-win.jar;C:\Users\subar\.m2\repository\org\openjfx\javafx-fxml\16\javafx-fxml-16-win.jar;C:\Users\subar\.m2\repository\net\synedra\validatorfx\0.1.13\validatorfx-0.1.13.jar;C:\Users\subar\.m2\repository\org\controlsfx\controlsfx\11.1.0\controlsfx-11.1.0.jar;C:\Users\subar\.m2\repository\com\dlsc\formsfx\formsfx-core\11.3.2\formsfx-core-11.3.2.jar -Djdk.module.main=com.example.semproj
java_command: com.example.semproj/com.example.semproj.client.Kursach
java_class_path (initial): C:\Users\subar\.m2\repository\org\openjfx\javafx-controls\16\javafx-controls-16.jar;C:\Users\subar\.m2\repository\org\openjfx\javafx-graphics\16\javafx-graphics-16.jar;C:\Users\subar\.m2\repository\org\openjfx\javafx-base\16\javafx-base-16.jar;C:\Users\subar\.m2\repository\org\openjfx\javafx-fxml\16\javafx-fxml-16.jar;C:\Users\subar\.m2\repository\org\openjfx\javafx-web\16\javafx-web-16.jar;C:\Users\subar\.m2\repository\org\openjfx\javafx-media\16\javafx-media-16.jar;C:\Program Files\JetBrains\IntelliJ IDEA Community Edition 2022.2.1\lib\idea_rt.jar
Launcher Type: SUN_STANDARD

[Global flags]
     intx CICompilerCount                          = 4                                         {product} {ergonomic}
     uint ConcGCThreads                            = 3                                         {product} {ergonomic}
     uint G1ConcRefinementThreads                  = 10                                        {product} {ergonomic}
   size_t G1HeapRegionSize                         = 2097152                                   {product} {ergonomic}
    uintx GCDrainStackTargetSize                   = 64                                        {product} {ergonomic}
   size_t InitialHeapSize                          = 268435456                                 {product} {ergonomic}
   size_t MarkStackSize                            = 4194304                                   {product} {ergonomic}
   size_t MaxHeapSize                              = 4263510016                                {product} {ergonomic}
   size_t MaxNewSize                               = 2556428288                                {product} {ergonomic}
   size_t MinHeapDeltaBytes                        = 2097152                                   {product} {ergonomic}
   size_t MinHeapSize                              = 8388608                                   {product} {ergonomic}
    uintx NonNMethodCodeHeapSize                   = 5839372                                {pd product} {ergonomic}
    uintx NonProfiledCodeHeapSize                  = 122909434                              {pd product} {ergonomic}
    uintx ProfiledCodeHeapSize                     = 122909434                              {pd product} {ergonomic}
    uintx ReservedCodeCacheSize                    = 251658240                              {pd product} {ergonomic}
     bool SegmentedCodeCache                       = true                                      {product} {ergonomic}
   size_t SoftMaxHeapSize                          = 4263510016                             {manageable} {ergonomic}
     bool UseCompressedClassPointers               = true                           {product lp64_product} {ergonomic}
     bool UseCompressedOops                        = true                           {product lp64_product} {ergonomic}
     bool UseG1GC                                  = true                                      {product} {ergonomic}
     bool UseLargePagesIndividualAllocation        = false                                  {pd product} {ergonomic}

Logging:
Log output configuration:
 #0: stdout all=off uptime,level,tags
 #1: stderr all=off uptime,level,tags

Environment Variables:
PATH=C:\Program Files\Common Files\Oracle\Java\javapath;C:\Program Files (x86)\Common Files\Oracle\Java\javapath;C:\Windows\system32;C:\Windows;C:\Windows\System32\Wbem;C:\Windows\System32\WindowsPowerShell\v1.0\;C:\Windows\System32\OpenSSH\;C:\Program Files\Microsoft SQL Server\120\Tools\Binn\;C:\Program Files\dotnet\;C:\Program Files (x86)\NVIDIA Corporation\PhysX\Common;C:\Program Files\NVIDIA Corporation\NVIDIA NvDLISR;C:\Program Files\Common Files\Autodesk Shared\;C:\Program Files\MySQL\MySQL Shell 8.0\bin\;C:\Users\subar\AppData\Local\Microsoft\WindowsApps;
USERNAME=subar
OS=Windows_NT
PROCESSOR_IDENTIFIER=Intel64 Family 6 Model 158 Stepping 13, GenuineIntel



---------------  S Y S T E M  ---------------

OS:
 Windows 10 , 64 bit Build 19041 (10.0.19041.2251)
OS uptime: 0 days 2:14 hours

CPU: total 12 (initial active 12) (6 cores per cpu, 2 threads per core) family 6 model 158 stepping 13 microcode 0xf0, cx8, cmov, fxsr, ht, mmx, 3dnowpref, sse, sse2, sse3, ssse3, sse4.1, sse4.2, popcnt, lzcnt, tsc, tscinvbit, avx, avx2, aes, erms, clmul, bmi1, bmi2, adx, fma, vzeroupper, clflush, clflushopt

Memory: 4k page, system-wide physical 16262M (7018M free)
TotalPageFile size 24966M (AvailPageFile size 10510M)
current process WorkingSet (physical memory assigned to process): 135M, peak: 180M
current process commit charge ("private bytes"): 427M, peak: 471M

vm_info: OpenJDK 64-Bit Server VM (16.0.2+7) for windows-amd64 JRE (16.0.2+7), built on Jul 22 2021 01:11:46 by "Administrator" with MS VC++ 15.9 (VS2017)

END.
