#
# A fatal error has been detected by the Java Runtime Environment:
#
#  EXCEPTION_ACCESS_VIOLATION (0xc0000005) at pc=0x00007ff93e3a6997, pid=17252, tid=10712
#
# JRE version: OpenJDK Runtime Environment Corretto-16.0.2.7.1 (16.0.2+7) (build 16.0.2+7)
# Java VM: OpenJDK 64-Bit Server VM Corretto-16.0.2.7.1 (16.0.2+7, mixed mode, sharing, tiered, compressed oops, compressed class ptrs, g1 gc, windows-amd64)
# Problematic frame:
# C  [glass.dll+0x26997]
#
# No core dump will be written. Minidumps are not enabled by default on client versions of Windows
#
# If you would like to submit a bug report, please visit:
#   https://github.com/corretto/corretto-jdk/issues/
#

---------------  S U M M A R Y ------------

Command Line: -agentlib:jdwp=transport=dt_socket,address=127.0.0.1:52316,suspend=y,server=n -javaagent:C:\Users\subar\AppData\Local\JetBrains\IdeaIC2022.2\captureAgent\debugger-agent.jar -Dfile.encoding=UTF-8 --module-path=C:\Users\subar\.m2\repository\org\kordamp\ikonli\ikonli-core\12.2.0\ikonli-core-12.2.0.jar;C:\Users\subar\.m2\repository\eu\hansolo\tilesfx\11.48\tilesfx-11.48.jar;C:\Users\subar\.m2\repository\org\openjfx\javafx-web\16\javafx-web-16-win.jar;C:\Users\subar\.m2\repository\org\kordamp\ikonli\ikonli-javafx\12.2.0\ikonli-javafx-12.2.0.jar;C:\Users\subar\.m2\repository\org\openjfx\javafx-media\16\javafx-media-16-win.jar;C:\Users\subar\.m2\repository\org\openjfx\javafx-base\16\javafx-base-16-win.jar;C:\Users\subar\.m2\repository\org\kordamp\bootstrapfx\bootstrapfx-core\0.4.0\bootstrapfx-core-0.4.0.jar;C:\Users\subar\OneDrive\Desktop\Semester project\Car Sales\target\classes;C:\Users\subar\.m2\repository\org\openjfx\javafx-controls\16\javafx-controls-16-win.jar;C:\Users\subar\.m2\repository\org\openjfx\javafx-graphics\16\javafx-graphics-16-win.jar;C:\Users\subar\.m2\repository\org\openjfx\javafx-fxml\16\javafx-fxml-16-win.jar;C:\Users\subar\.m2\repository\net\synedra\validatorfx\0.1.13\validatorfx-0.1.13.jar;C:\Users\subar\.m2\repository\org\controlsfx\controlsfx\11.1.0\controlsfx-11.1.0.jar;C:\Users\subar\.m2\repository\com\dlsc\formsfx\formsfx-core\11.3.2\formsfx-core-11.3.2.jar -Djdk.module.main=com.example.semproj com.example.semproj/com.example.semproj.client.Kursach

Host: Intel(R) Core(TM) i7-9750H CPU @ 2.60GHz, 12 cores, 15G,  Windows 10 , 64 bit Build 19041 (10.0.19041.2251)
Time: Wed Dec 14 19:12:53 2022 Belarus Standard Time elapsed time: 110.158779 seconds (0d 0h 1m 50s)

---------------  T H R E A D  ---------------

Current thread (0x0000027bfedfe180):  VMThread "VM Thread" [stack: 0x000000d49f200000,0x000000d49f300000] [id=10712]

Stack: [0x000000d49f200000,0x000000d49f300000],  sp=0x000000d49f2ff160,  free space=1020k
Native frames: (J=compiled Java code, j=interpreted, Vv=VM code, C=native code)
C  [glass.dll+0x26997]


siginfo: EXCEPTION_ACCESS_VIOLATION (0xc0000005), reading address 0x0000000000000000


Register to memory mapping:

RIP=0x00007ff93e3a6997 glass.dll
RAX=0x0 is NULL
RBX=0x0000027ba1bdd2d8 is a global jni handle
RCX=0x0000027bfedfe180 points into unknown readable memory: 0x00007ff8f2afbb80 | 80 bb af f2 f8 7f 00 00
RDX=0x000000d49f2ff160 points into unknown readable memory: 0x0000000000000000 | 00 00 00 00 00 00 00 00
RSP=0x000000d49f2ff160 points into unknown readable memory: 0x0000000000000000 | 00 00 00 00 00 00 00 00
RBP=0x0000027ba22ca1a8 points into unknown readable memory: 0x0000b02a3a282ef9 | f9 2e 28 3a 2a b0 00 00
RSI=0x0000027ba22ca180 points into unknown readable memory: 0x9800b0d5c8545a83 | 83 5a 54 c8 d5 b0 00 98
RDI=0x0000b02a3a282ef9 is an unknown value
R8 =0x0000000000010002 is an unknown value
R9 =0x0000b02a3a282ef9 is an unknown value
R10=0x0000000000008000 is an unknown value
R11=0x000000d49f2ff0f0 points into unknown readable memory: 0x0000027ba22ca180 | 80 a1 2c a2 7b 02 00 00
R12=0x00007ff93e3a4234 glass.dll
R13=0x0000027bfedf0980 points into unknown readable memory: 0x0000027bfedfe180 | 80 e1 df fe 7b 02 00 00
R14=0x000000d49f2ff258 points into unknown readable memory: 0x000000d49f2ff240 | 40 f2 2f 9f d4 00 00 00
R15=0x0000027ba22ca180 points into unknown readable memory: 0x9800b0d5c8545a83 | 83 5a 54 c8 d5 b0 00 98


Registers:
RAX=0x0000000000000000, RBX=0x0000027ba1bdd2d8, RCX=0x0000027bfedfe180, RDX=0x000000d49f2ff160
RSP=0x000000d49f2ff160, RBP=0x0000027ba22ca1a8, RSI=0x0000027ba22ca180, RDI=0x0000b02a3a282ef9
R8 =0x0000000000010002, R9 =0x0000b02a3a282ef9, R10=0x0000000000008000, R11=0x000000d49f2ff0f0
R12=0x00007ff93e3a4234, R13=0x0000027bfedf0980, R14=0x000000d49f2ff258, R15=0x0000027ba22ca180
RIP=0x00007ff93e3a6997, EFLAGS=0x0000000000010202

Top of Stack: (sp=0x000000d49f2ff160)
0x000000d49f2ff160:   0000000000000000 0000027ba22ca180
0x000000d49f2ff170:   0000027bfedf0980 00007ff93e3a4234
0x000000d49f2ff180:   0000027ba22ca188 00007ff97e7642d6
0x000000d49f2ff190:   0000b02a3a282ef9 0000027b00000000
0x000000d49f2ff1a0:   0000027ba22ca1a8 0000027ba22ca180
0x000000d49f2ff1b0:   fffffffffffffffe 0000000000000000
0x000000d49f2ff1c0:   0000000000000001 00007ff93e380000
0x000000d49f2ff1d0:   000000d49f2ff248 00007ff97e7641fb
0x000000d49f2ff1e0:   0000000000000000 000000d49f2ff258
0x000000d49f2ff1f0:   000000d49f2ff520 00007ff97e840e40
0x000000d49f2ff200:   0000000000000001 00007ff97e7641b4
0x000000d49f2ff210:   0000000000000000 0000000000000001
0x000000d49f2ff220:   0000000000000000 000000d49f2ff248
0x000000d49f2ff230:   ffffffff00000001 00007ff93e3a40c1
0x000000d49f2ff240:   00007ff93e3ba128 00007ff900000002
0x000000d49f2ff250:   0000000000000002 000000d49f2ff240 

Instructions: (pc=0x00007ff93e3a6997)
0x00007ff93e3a6897:   8b 4d 58 e8 d1 ce ff ff 48 8b 4d 60 e8 c8 ce ff
0x00007ff93e3a68a7:   ff 48 8b 95 80 00 00 00 48 8b 8d 18 01 00 00 e8
0x00007ff93e3a68b7:   96 c3 ff ff 33 d2 33 c9 e8 12 e1 ff ff 90 48 89
0x00007ff93e3a68c7:   54 24 10 55 48 83 ec 20 48 8b ea 48 b8 00 00 00
0x00007ff93e3a68d7:   00 00 00 00 00 48 83 c4 20 5d c3 cc 40 55 48 8b
0x00007ff93e3a68e7:   ea 48 8b 01 33 c9 81 38 05 00 00 c0 0f 94 c1 8b
0x00007ff93e3a68f7:   c1 5d c3 cc 40 55 48 83 ec 20 48 8b ea 8a 4d 40
0x00007ff93e3a6907:   48 83 c4 20 5d e9 c7 d2 ff ff cc 40 55 48 83 ec
0x00007ff93e3a6917:   20 48 8b ea 8a 4d 20 e8 b5 d2 ff ff 90 48 83 c4
0x00007ff93e3a6927:   20 5d c3 cc 40 55 48 83 ec 20 48 8b ea 48 83 c4
0x00007ff93e3a6937:   20 5d e9 16 d1 ff ff cc 40 55 48 83 ec 30 48 8b
0x00007ff93e3a6947:   ea 48 8b 01 8b 10 48 89 4c 24 28 89 54 24 20 4c
0x00007ff93e3a6957:   8d 0d b7 d5 ff ff 4c 8b 45 70 8b 55 68 48 8b 4d
0x00007ff93e3a6967:   60 e8 57 d0 ff ff 90 48 83 c4 30 5d c3 cc cc cc
0x00007ff93e3a6977:   cc cc cc cc cc cc cc cc cc 40 53 48 83 ec 20 48
0x00007ff93e3a6987:   8b 1d 93 31 01 00 48 85 db 74 16 e8 29 8b ff ff
0x00007ff93e3a6997:   4c 8b 00 48 8b d3 48 8b c8 41 ff 90 b0 00 00 00
0x00007ff93e3a69a7:   90 48 83 c4 20 5b c3 cc cc 40 53 48 83 ec 20 48
0x00007ff93e3a69b7:   8b 1d 0b 33 01 00 48 85 db 74 57 b8 ff ff ff ff
0x00007ff93e3a69c7:   f0 0f c1 43 10 83 f8 01 75 3d 48 85 db 74 38 48
0x00007ff93e3a69d7:   8b 0b 48 85 c9 74 0d ff 15 c4 08 00 00 48 c7 03
0x00007ff93e3a69e7:   00 00 00 00 48 8b 4b 08 48 85 c9 74 0d e8 77 cd
0x00007ff93e3a69f7:   ff ff 48 c7 43 08 00 00 00 00 ba 18 00 00 00 48
0x00007ff93e3a6a07:   8b cb e8 62 cd ff ff 48 c7 05 af 32 01 00 00 00
0x00007ff93e3a6a17:   00 00 48 83 c4 20 5b c3 cc 40 53 48 83 ec 20 48
0x00007ff93e3a6a27:   8b 1d 7b 32 01 00 48 85 db 74 57 b8 ff ff ff ff
0x00007ff93e3a6a37:   f0 0f c1 43 10 83 f8 01 75 3d 48 85 db 74 38 48
0x00007ff93e3a6a47:   8b 0b 48 85 c9 74 0d ff 15 54 08 00 00 48 c7 03
0x00007ff93e3a6a57:   00 00 00 00 48 8b 4b 08 48 85 c9 74 0d e8 07 cd
0x00007ff93e3a6a67:   ff ff 48 c7 43 08 00 00 00 00 ba 18 00 00 00 48
0x00007ff93e3a6a77:   8b cb e8 f2 cc ff ff 48 c7 05 1f 32 01 00 00 00
0x00007ff93e3a6a87:   00 00 48 83 c4 20 5b c3 cc 40 53 48 83 ec 20 48 


Stack slot to memory mapping:
stack at sp + 0 slots: 0x0 is NULL
stack at sp + 1 slots: 0x0000027ba22ca180 points into unknown readable memory: 0x9800b0d5c8545a83 | 83 5a 54 c8 d5 b0 00 98
stack at sp + 2 slots: 0x0000027bfedf0980 points into unknown readable memory: 0x0000027bfedfe180 | 80 e1 df fe 7b 02 00 00
stack at sp + 3 slots: 0x00007ff93e3a4234 glass.dll
stack at sp + 4 slots: 0x0000027ba22ca188 points into unknown readable memory: 0x0000b02a3a282ef9 | f9 2e 28 3a 2a b0 00 00
stack at sp + 5 slots: 0x00007ff97e7642d6 ucrtbase.dll
stack at sp + 6 slots: 0x0000b02a3a282ef9 is an unknown value
stack at sp + 7 slots: 0x0000027b00000000 is an unknown value

VM_Operation (0x000000d49e9ff1e0): Exit, mode: safepoint, requested by thread 0x0000027ba26d7ab0


---------------  P R O C E S S  ---------------

Threads class SMR info:
_java_thread_list=0x0000027bad2579f0, length=21, elements={
0x0000027bfc35ce90, 0x0000027bfee01dd0, 0x0000027bfee02c90, 0x0000027bfee0cca0,
0x0000027bfee0e8b0, 0x0000027bfee112c0, 0x0000027bfee11cc0, 0x0000027bfee12aa0,
0x0000027bfee1eaa0, 0x0000027bfee23500, 0x0000027bfede2350, 0x0000027ba1b70cf0,
0x0000027ba1c22080, 0x0000027ba1a6a5b0, 0x0000027ba2469c40, 0x0000027ba22d7230,
0x0000027ba26d6ac0, 0x0000027ba26d7010, 0x0000027ba26d5ad0, 0x0000027ba26d7560,
0x0000027ba26d7ab0
}

Java Threads: ( => current thread )
  0x0000027bfc35ce90 JavaThread "main" [_thread_blocked, id=8924, stack(0x000000d49ec00000,0x000000d49ed00000)]
  0x0000027bfee01dd0 JavaThread "Reference Handler" daemon [_thread_blocked, id=2220, stack(0x000000d49f300000,0x000000d49f400000)]
  0x0000027bfee02c90 JavaThread "Finalizer" daemon [_thread_blocked, id=1396, stack(0x000000d49f400000,0x000000d49f500000)]
  0x0000027bfee0cca0 JavaThread "Signal Dispatcher" daemon [_thread_blocked, id=15800, stack(0x000000d49f500000,0x000000d49f600000)]
  0x0000027bfee0e8b0 JavaThread "Attach Listener" daemon [_thread_blocked, id=5576, stack(0x000000d49f600000,0x000000d49f700000)]
  0x0000027bfee112c0 JavaThread "Service Thread" daemon [_thread_blocked, id=304, stack(0x000000d49f700000,0x000000d49f800000)]
  0x0000027bfee11cc0 JavaThread "Monitor Deflation Thread" daemon [_thread_blocked, id=1772, stack(0x000000d49f800000,0x000000d49f900000)]
  0x0000027bfee12aa0 JavaThread "C2 CompilerThread0" daemon [_thread_blocked, id=12576, stack(0x000000d49f900000,0x000000d49fa00000)]
  0x0000027bfee1eaa0 JavaThread "C1 CompilerThread0" daemon [_thread_blocked, id=17180, stack(0x000000d49fa00000,0x000000d49fb00000)]
  0x0000027bfee23500 JavaThread "Sweeper thread" daemon [_thread_blocked, id=18196, stack(0x000000d49fb00000,0x000000d49fc00000)]
  0x0000027bfede2350 JavaThread "Common-Cleaner" daemon [_thread_blocked, id=12540, stack(0x000000d49fc00000,0x000000d49fd00000)]
  0x0000027ba1b70cf0 JavaThread "JDWP Event Helper Thread" daemon [_thread_blocked, id=12396, stack(0x000000d4a0000000,0x000000d4a0100000)]
  0x0000027ba1c22080 JavaThread "Notification Thread" daemon [_thread_blocked, id=12556, stack(0x000000d4a0200000,0x000000d4a0300000)]
  0x0000027ba1a6a5b0 JavaThread "QuantumRenderer-0" daemon [_thread_blocked, id=14684, stack(0x000000d4a0400000,0x000000d4a0500000)]
  0x0000027ba2469c40 JavaThread "InvokeLaterDispatcher" daemon [_thread_blocked, id=11560, stack(0x000000d4a0600000,0x000000d4a0700000)]
  0x0000027ba22d7230 JavaThread "JavaFX Application Thread" [_thread_blocked, id=11544, stack(0x000000d4a0700000,0x000000d4a0800000)]
  0x0000027ba26d6ac0 JavaThread "Thread-1" daemon [_thread_in_native, id=16988, stack(0x000000d4a1230000,0x000000d4a1330000)]
  0x0000027ba26d7010 JavaThread "JavaFX-Launcher" [_thread_blocked, id=2532, stack(0x000000d49fd00000,0x000000d49fe00000)]
  0x0000027ba26d5ad0 JavaThread "Prism Font Disposer" daemon [_thread_blocked, id=4116, stack(0x000000d4a1630000,0x000000d4a1730000)]
  0x0000027ba26d7560 JavaThread "Cleaner-0" daemon [_thread_blocked, id=13496, stack(0x000000d4a1730000,0x000000d4a1830000)]
  0x0000027ba26d7ab0 JavaThread "SIGINT handler" daemon [_thread_blocked, id=5880, stack(0x000000d49e900000,0x000000d49ea00000)]

Other Threads:
=>0x0000027bfedfe180 VMThread "VM Thread" [stack: 0x000000d49f200000,0x000000d49f300000] [id=10712]
  0x0000027bfc3ab4f0 GCTaskThread "GC Thread#0" [stack: 0x000000d49ed00000,0x000000d49ee00000] [id=4536]
  0x0000027ba24fc380 GCTaskThread "GC Thread#1" [stack: 0x000000d4a0930000,0x000000d4a0a30000] [id=940]
  0x0000027ba24f8f70 GCTaskThread "GC Thread#2" [stack: 0x000000d4a0a30000,0x000000d4a0b30000] [id=1964]
  0x0000027ba24f9590 GCTaskThread "GC Thread#3" [stack: 0x000000d4a0b30000,0x000000d4a0c30000] [id=10276]
  0x0000027ba24f98a0 GCTaskThread "GC Thread#4" [stack: 0x000000d4a0c30000,0x000000d4a0d30000] [id=6452]
  0x0000027ba24f9bb0 GCTaskThread "GC Thread#5" [stack: 0x000000d4a0d30000,0x000000d4a0e30000] [id=18360]
  0x0000027ba27f4670 GCTaskThread "GC Thread#6" [stack: 0x000000d4a0e30000,0x000000d4a0f30000] [id=9140]
  0x0000027ba27eeda0 GCTaskThread "GC Thread#7" [stack: 0x000000d4a0f30000,0x000000d4a1030000] [id=13900]
  0x0000027ba27f27d0 GCTaskThread "GC Thread#8" [stack: 0x000000d4a1030000,0x000000d4a1130000] [id=13592]
  0x0000027ba27f3720 GCTaskThread "GC Thread#9" [stack: 0x000000d4a1130000,0x000000d4a1230000] [id=10408]
  0x0000027bfc3bc340 ConcurrentGCThread "G1 Main Marker" terminated
  0x0000027bfc3bcdb0 ConcurrentGCThread "G1 Conc#0" [stack: 0x000000d49ef00000,0x000000d49f000000] [id=2504]
  0x0000027bfc43e630 ConcurrentGCThread "G1 Refine#0" terminated
  0x0000027bfecb2620 ConcurrentGCThread "G1 Service" terminated

Threads with active compile tasks:
C2 CompilerThread0  
[error occurred during error reporting (printing all threads), id 0xc0000005, EXCEPTION_ACCESS_VIOLATION (0xc0000005) at pc=0x00007ff8f28f3df3]

VM state: at safepoint (shutting down)

VM Mutex/Monitor currently owned by a thread:  ([mutex/lock_event])
[0x0000027bfc3588d0] Threads_lock - owner thread: 0x0000027bfedfe180
[0x0000027bfc357eb0] Heap_lock - owner thread: 0x0000027ba26d7ab0

Heap address: 0x0000000701e00000, size: 4066 MB, Compressed Oops mode: Zero based, Oop shift amount: 3

CDS archive(s) mapped at: [0x0000000800000000-0x0000000800be0000-0x0000000800be0000), size 12451840, SharedBaseAddress: 0x0000000800000000, ArchiveRelocationMode: 0.
Compressed class space mapped at: 0x0000000800c00000-0x0000000840c00000, reserved size: 1073741824
Narrow klass base: 0x0000000800000000, Narrow klass shift: 3, Narrow klass range: 0x100000000

GC Precious Log:
 CPUs: 12 total, 12 available
 Memory: 16262M
 Large Page Support: Disabled
 NUMA Support: Disabled
 Compressed Oops: Enabled (Zero based)
 Heap Region Size: 2M
 Heap Min Capacity: 8M
 Heap Initial Capacity: 256M
 Heap Max Capacity: 4066M
 Pre-touch: Disabled
 Parallel Workers: 10
 Concurrent Workers: 3
 Concurrent Refinement Workers: 10
 Periodic GC: Disabled

Heap:
 garbage-first heap   total 262144K, used 24618K [0x0000000701e00000, 0x0000000800000000)
  region size 2048K, 12 young (24576K), 3 survivors (6144K)
 Metaspace       used 16513K, committed 16768K, reserved 1064960K
  class space    used 2165K, committed 2304K, reserved 1048576K

Heap Regions: E=young(eden), S=young(survivor), O=old, HS=humongous(starts), HC=humongous(continues), CS=collection set, F=free, OA=open archive, CA=closed archive, TAMS=top-at-mark-start (previous, next)
|   0|0x0000000701e00000, 0x0000000701e0aa00, 0x0000000702000000|  2%| O|  |TAMS 0x0000000701e00000, 0x0000000701e00000| Untracked 
|   1|0x0000000702000000, 0x0000000702200000, 0x0000000702200000|100%|HS|  |TAMS 0x0000000702000000, 0x0000000702000000| Complete 
|   2|0x0000000702200000, 0x0000000702200000, 0x0000000702400000|  0%| F|  |TAMS 0x0000000702200000, 0x0000000702200000| Untracked 
|   3|0x0000000702400000, 0x0000000702400000, 0x0000000702600000|  0%| F|  |TAMS 0x0000000702400000, 0x0000000702400000| Untracked 
|   4|0x0000000702600000, 0x0000000702600000, 0x0000000702800000|  0%| F|  |TAMS 0x0000000702600000, 0x0000000702600000| Untracked 
|   5|0x0000000702800000, 0x0000000702800000, 0x0000000702a00000|  0%| F|  |TAMS 0x0000000702800000, 0x0000000702800000| Untracked 
|   6|0x0000000702a00000, 0x0000000702a00000, 0x0000000702c00000|  0%| F|  |TAMS 0x0000000702a00000, 0x0000000702a00000| Untracked 
|   7|0x0000000702c00000, 0x0000000702c00000, 0x0000000702e00000|  0%| F|  |TAMS 0x0000000702c00000, 0x0000000702c00000| Untracked 
|   8|0x0000000702e00000, 0x0000000702e00000, 0x0000000703000000|  0%| F|  |TAMS 0x0000000702e00000, 0x0000000702e00000| Untracked 
|   9|0x0000000703000000, 0x0000000703000000, 0x0000000703200000|  0%| F|  |TAMS 0x0000000703000000, 0x0000000703000000| Untracked 
|  10|0x0000000703200000, 0x0000000703200000, 0x0000000703400000|  0%| F|  |TAMS 0x0000000703200000, 0x0000000703200000| Untracked 
|  11|0x0000000703400000, 0x0000000703400000, 0x0000000703600000|  0%| F|  |TAMS 0x0000000703400000, 0x0000000703400000| Untracked 
|  12|0x0000000703600000, 0x0000000703600000, 0x0000000703800000|  0%| F|  |TAMS 0x0000000703600000, 0x0000000703600000| Untracked 
|  13|0x0000000703800000, 0x0000000703800000, 0x0000000703a00000|  0%| F|  |TAMS 0x0000000703800000, 0x0000000703800000| Untracked 
|  14|0x0000000703a00000, 0x0000000703a00000, 0x0000000703c00000|  0%| F|  |TAMS 0x0000000703a00000, 0x0000000703a00000| Untracked 
|  15|0x0000000703c00000, 0x0000000703c00000, 0x0000000703e00000|  0%| F|  |TAMS 0x0000000703c00000, 0x0000000703c00000| Untracked 
|  16|0x0000000703e00000, 0x0000000703e00000, 0x0000000704000000|  0%| F|  |TAMS 0x0000000703e00000, 0x0000000703e00000| Untracked 
|  17|0x0000000704000000, 0x0000000704000000, 0x0000000704200000|  0%| F|  |TAMS 0x0000000704000000, 0x0000000704000000| Untracked 
|  18|0x0000000704200000, 0x0000000704200000, 0x0000000704400000|  0%| F|  |TAMS 0x0000000704200000, 0x0000000704200000| Untracked 
|  19|0x0000000704400000, 0x0000000704400000, 0x0000000704600000|  0%| F|  |TAMS 0x0000000704400000, 0x0000000704400000| Untracked 
|  20|0x0000000704600000, 0x0000000704600000, 0x0000000704800000|  0%| F|  |TAMS 0x0000000704600000, 0x0000000704600000| Untracked 
|  21|0x0000000704800000, 0x0000000704800000, 0x0000000704a00000|  0%| F|  |TAMS 0x0000000704800000, 0x0000000704800000| Untracked 
|  22|0x0000000704a00000, 0x0000000704a00000, 0x0000000704c00000|  0%| F|  |TAMS 0x0000000704a00000, 0x0000000704a00000| Untracked 
|  23|0x0000000704c00000, 0x0000000704c00000, 0x0000000704e00000|  0%| F|  |TAMS 0x0000000704c00000, 0x0000000704c00000| Untracked 
|  24|0x0000000704e00000, 0x0000000704e00000, 0x0000000705000000|  0%| F|  |TAMS 0x0000000704e00000, 0x0000000704e00000| Untracked 
|  25|0x0000000705000000, 0x0000000705000000, 0x0000000705200000|  0%| F|  |TAMS 0x0000000705000000, 0x0000000705000000| Untracked 
|  26|0x0000000705200000, 0x0000000705200000, 0x0000000705400000|  0%| F|  |TAMS 0x0000000705200000, 0x0000000705200000| Untracked 
|  27|0x0000000705400000, 0x0000000705400000, 0x0000000705600000|  0%| F|  |TAMS 0x0000000705400000, 0x0000000705400000| Untracked 
|  28|0x0000000705600000, 0x0000000705600000, 0x0000000705800000|  0%| F|  |TAMS 0x0000000705600000, 0x0000000705600000| Untracked 
|  29|0x0000000705800000, 0x0000000705800000, 0x0000000705a00000|  0%| F|  |TAMS 0x0000000705800000, 0x0000000705800000| Untracked 
|  30|0x0000000705a00000, 0x0000000705a00000, 0x0000000705c00000|  0%| F|  |TAMS 0x0000000705a00000, 0x0000000705a00000| Untracked 
|  31|0x0000000705c00000, 0x0000000705c00000, 0x0000000705e00000|  0%| F|  |TAMS 0x0000000705c00000, 0x0000000705c00000| Untracked 
|  32|0x0000000705e00000, 0x0000000705e00000, 0x0000000706000000|  0%| F|  |TAMS 0x0000000705e00000, 0x0000000705e00000| Untracked 
|  33|0x0000000706000000, 0x0000000706000000, 0x0000000706200000|  0%| F|  |TAMS 0x0000000706000000, 0x0000000706000000| Untracked 
|  34|0x0000000706200000, 0x0000000706200000, 0x0000000706400000|  0%| F|  |TAMS 0x0000000706200000, 0x0000000706200000| Untracked 
|  35|0x0000000706400000, 0x0000000706400000, 0x0000000706600000|  0%| F|  |TAMS 0x0000000706400000, 0x0000000706400000| Untracked 
|  36|0x0000000706600000, 0x0000000706600000, 0x0000000706800000|  0%| F|  |TAMS 0x0000000706600000, 0x0000000706600000| Untracked 
|  37|0x0000000706800000, 0x0000000706800000, 0x0000000706a00000|  0%| F|  |TAMS 0x0000000706800000, 0x0000000706800000| Untracked 
|  38|0x0000000706a00000, 0x0000000706a00000, 0x0000000706c00000|  0%| F|  |TAMS 0x0000000706a00000, 0x0000000706a00000| Untracked 
|  39|0x0000000706c00000, 0x0000000706c00000, 0x0000000706e00000|  0%| F|  |TAMS 0x0000000706c00000, 0x0000000706c00000| Untracked 
|  40|0x0000000706e00000, 0x0000000706e00000, 0x0000000707000000|  0%| F|  |TAMS 0x0000000706e00000, 0x0000000706e00000| Untracked 
|  41|0x0000000707000000, 0x0000000707000000, 0x0000000707200000|  0%| F|  |TAMS 0x0000000707000000, 0x0000000707000000| Untracked 
|  42|0x0000000707200000, 0x0000000707200000, 0x0000000707400000|  0%| F|  |TAMS 0x0000000707200000, 0x0000000707200000| Untracked 
|  43|0x0000000707400000, 0x0000000707400000, 0x0000000707600000|  0%| F|  |TAMS 0x0000000707400000, 0x0000000707400000| Untracked 
|  44|0x0000000707600000, 0x0000000707600000, 0x0000000707800000|  0%| F|  |TAMS 0x0000000707600000, 0x0000000707600000| Untracked 
|  45|0x0000000707800000, 0x0000000707800000, 0x0000000707a00000|  0%| F|  |TAMS 0x0000000707800000, 0x0000000707800000| Untracked 
|  46|0x0000000707a00000, 0x0000000707a00000, 0x0000000707c00000|  0%| F|  |TAMS 0x0000000707a00000, 0x0000000707a00000| Untracked 
|  47|0x0000000707c00000, 0x0000000707c00000, 0x0000000707e00000|  0%| F|  |TAMS 0x0000000707c00000, 0x0000000707c00000| Untracked 
|  48|0x0000000707e00000, 0x0000000707e00000, 0x0000000708000000|  0%| F|  |TAMS 0x0000000707e00000, 0x0000000707e00000| Untracked 
|  49|0x0000000708000000, 0x0000000708000000, 0x0000000708200000|  0%| F|  |TAMS 0x0000000708000000, 0x0000000708000000| Untracked 
|  50|0x0000000708200000, 0x0000000708200000, 0x0000000708400000|  0%| F|  |TAMS 0x0000000708200000, 0x0000000708200000| Untracked 
|  51|0x0000000708400000, 0x0000000708400000, 0x0000000708600000|  0%| F|  |TAMS 0x0000000708400000, 0x0000000708400000| Untracked 
|  52|0x0000000708600000, 0x0000000708600000, 0x0000000708800000|  0%| F|  |TAMS 0x0000000708600000, 0x0000000708600000| Untracked 
|  53|0x0000000708800000, 0x0000000708800000, 0x0000000708a00000|  0%| F|  |TAMS 0x0000000708800000, 0x0000000708800000| Untracked 
|  54|0x0000000708a00000, 0x0000000708a00000, 0x0000000708c00000|  0%| F|  |TAMS 0x0000000708a00000, 0x0000000708a00000| Untracked 
|  55|0x0000000708c00000, 0x0000000708c00000, 0x0000000708e00000|  0%| F|  |TAMS 0x0000000708c00000, 0x0000000708c00000| Untracked 
|  56|0x0000000708e00000, 0x0000000708e00000, 0x0000000709000000|  0%| F|  |TAMS 0x0000000708e00000, 0x0000000708e00000| Untracked 
|  57|0x0000000709000000, 0x0000000709000000, 0x0000000709200000|  0%| F|  |TAMS 0x0000000709000000, 0x0000000709000000| Untracked 
|  58|0x0000000709200000, 0x0000000709200000, 0x0000000709400000|  0%| F|  |TAMS 0x0000000709200000, 0x0000000709200000| Untracked 
|  59|0x0000000709400000, 0x0000000709400000, 0x0000000709600000|  0%| F|  |TAMS 0x0000000709400000, 0x0000000709400000| Untracked 
|  60|0x0000000709600000, 0x0000000709600000, 0x0000000709800000|  0%| F|  |TAMS 0x0000000709600000, 0x0000000709600000| Untracked 
|  61|0x0000000709800000, 0x0000000709800000, 0x0000000709a00000|  0%| F|  |TAMS 0x0000000709800000, 0x0000000709800000| Untracked 
|  62|0x0000000709a00000, 0x0000000709a00000, 0x0000000709c00000|  0%| F|  |TAMS 0x0000000709a00000, 0x0000000709a00000| Untracked 
|  63|0x0000000709c00000, 0x0000000709c00000, 0x0000000709e00000|  0%| F|  |TAMS 0x0000000709c00000, 0x0000000709c00000| Untracked 
|  64|0x0000000709e00000, 0x0000000709e00000, 0x000000070a000000|  0%| F|  |TAMS 0x0000000709e00000, 0x0000000709e00000| Untracked 
|  65|0x000000070a000000, 0x000000070a000000, 0x000000070a200000|  0%| F|  |TAMS 0x000000070a000000, 0x000000070a000000| Untracked 
|  66|0x000000070a200000, 0x000000070a200000, 0x000000070a400000|  0%| F|  |TAMS 0x000000070a200000, 0x000000070a200000| Untracked 
|  67|0x000000070a400000, 0x000000070a400000, 0x000000070a600000|  0%| F|  |TAMS 0x000000070a400000, 0x000000070a400000| Untracked 
|  68|0x000000070a600000, 0x000000070a600000, 0x000000070a800000|  0%| F|  |TAMS 0x000000070a600000, 0x000000070a600000| Untracked 
|  69|0x000000070a800000, 0x000000070a800000, 0x000000070aa00000|  0%| F|  |TAMS 0x000000070a800000, 0x000000070a800000| Untracked 
|  70|0x000000070aa00000, 0x000000070aa00000, 0x000000070ac00000|  0%| F|  |TAMS 0x000000070aa00000, 0x000000070aa00000| Untracked 
|  71|0x000000070ac00000, 0x000000070ac00000, 0x000000070ae00000|  0%| F|  |TAMS 0x000000070ac00000, 0x000000070ac00000| Untracked 
|  72|0x000000070ae00000, 0x000000070ae00000, 0x000000070b000000|  0%| F|  |TAMS 0x000000070ae00000, 0x000000070ae00000| Untracked 
|  73|0x000000070b000000, 0x000000070b000000, 0x000000070b200000|  0%| F|  |TAMS 0x000000070b000000, 0x000000070b000000| Untracked 
|  74|0x000000070b200000, 0x000000070b200000, 0x000000070b400000|  0%| F|  |TAMS 0x000000070b200000, 0x000000070b200000| Untracked 
|  75|0x000000070b400000, 0x000000070b400000, 0x000000070b600000|  0%| F|  |TAMS 0x000000070b400000, 0x000000070b400000| Untracked 
|  76|0x000000070b600000, 0x000000070b600000, 0x000000070b800000|  0%| F|  |TAMS 0x000000070b600000, 0x000000070b600000| Untracked 
|  77|0x000000070b800000, 0x000000070b800000, 0x000000070ba00000|  0%| F|  |TAMS 0x000000070b800000, 0x000000070b800000| Untracked 
|  78|0x000000070ba00000, 0x000000070ba00000, 0x000000070bc00000|  0%| F|  |TAMS 0x000000070ba00000, 0x000000070ba00000| Untracked 
|  79|0x000000070bc00000, 0x000000070bc00000, 0x000000070be00000|  0%| F|  |TAMS 0x000000070bc00000, 0x000000070bc00000| Untracked 
|  80|0x000000070be00000, 0x000000070be00000, 0x000000070c000000|  0%| F|  |TAMS 0x000000070be00000, 0x000000070be00000| Untracked 
|  81|0x000000070c000000, 0x000000070c000000, 0x000000070c200000|  0%| F|  |TAMS 0x000000070c000000, 0x000000070c000000| Untracked 
|  82|0x000000070c200000, 0x000000070c200000, 0x000000070c400000|  0%| F|  |TAMS 0x000000070c200000, 0x000000070c200000| Untracked 
|  83|0x000000070c400000, 0x000000070c400000, 0x000000070c600000|  0%| F|  |TAMS 0x000000070c400000, 0x000000070c400000| Untracked 
|  84|0x000000070c600000, 0x000000070c600000, 0x000000070c800000|  0%| F|  |TAMS 0x000000070c600000, 0x000000070c600000| Untracked 
|  85|0x000000070c800000, 0x000000070c800000, 0x000000070ca00000|  0%| F|  |TAMS 0x000000070c800000, 0x000000070c800000| Untracked 
|  86|0x000000070ca00000, 0x000000070ca00000, 0x000000070cc00000|  0%| F|  |TAMS 0x000000070ca00000, 0x000000070ca00000| Untracked 
|  87|0x000000070cc00000, 0x000000070cc00000, 0x000000070ce00000|  0%| F|  |TAMS 0x000000070cc00000, 0x000000070cc00000| Untracked 
|  88|0x000000070ce00000, 0x000000070ce00000, 0x000000070d000000|  0%| F|  |TAMS 0x000000070ce00000, 0x000000070ce00000| Untracked 
|  89|0x000000070d000000, 0x000000070d000000, 0x000000070d200000|  0%| F|  |TAMS 0x000000070d000000, 0x000000070d000000| Untracked 
|  90|0x000000070d200000, 0x000000070d200000, 0x000000070d400000|  0%| F|  |TAMS 0x000000070d200000, 0x000000070d200000| Untracked 
|  91|0x000000070d400000, 0x000000070d400000, 0x000000070d600000|  0%| F|  |TAMS 0x000000070d400000, 0x000000070d400000| Untracked 
|  92|0x000000070d600000, 0x000000070d600000, 0x000000070d800000|  0%| F|  |TAMS 0x000000070d600000, 0x000000070d600000| Untracked 
|  93|0x000000070d800000, 0x000000070d800000, 0x000000070da00000|  0%| F|  |TAMS 0x000000070d800000, 0x000000070d800000| Untracked 
|  94|0x000000070da00000, 0x000000070da00000, 0x000000070dc00000|  0%| F|  |TAMS 0x000000070da00000, 0x000000070da00000| Untracked 
|  95|0x000000070dc00000, 0x000000070dc00000, 0x000000070de00000|  0%| F|  |TAMS 0x000000070dc00000, 0x000000070dc00000| Untracked 
|  96|0x000000070de00000, 0x000000070de00000, 0x000000070e000000|  0%| F|  |TAMS 0x000000070de00000, 0x000000070de00000| Untracked 
|  97|0x000000070e000000, 0x000000070e000000, 0x000000070e200000|  0%| F|  |TAMS 0x000000070e000000, 0x000000070e000000| Untracked 
|  98|0x000000070e200000, 0x000000070e200000, 0x000000070e400000|  0%| F|  |TAMS 0x000000070e200000, 0x000000070e200000| Untracked 
|  99|0x000000070e400000, 0x000000070e400000, 0x000000070e600000|  0%| F|  |TAMS 0x000000070e400000, 0x000000070e400000| Untracked 
| 100|0x000000070e600000, 0x000000070e600000, 0x000000070e800000|  0%| F|  |TAMS 0x000000070e600000, 0x000000070e600000| Untracked 
| 101|0x000000070e800000, 0x000000070e800000, 0x000000070ea00000|  0%| F|  |TAMS 0x000000070e800000, 0x000000070e800000| Untracked 
| 102|0x000000070ea00000, 0x000000070ea00000, 0x000000070ec00000|  0%| F|  |TAMS 0x000000070ea00000, 0x000000070ea00000| Untracked 
| 103|0x000000070ec00000, 0x000000070ec00000, 0x000000070ee00000|  0%| F|  |TAMS 0x000000070ec00000, 0x000000070ec00000| Untracked 
| 104|0x000000070ee00000, 0x000000070f000000, 0x000000070f000000|100%| S|CS|TAMS 0x000000070ee00000, 0x000000070ee00000| Complete 
| 105|0x000000070f000000, 0x000000070f200000, 0x000000070f200000|100%| S|CS|TAMS 0x000000070f000000, 0x000000070f000000| Complete 
| 106|0x000000070f200000, 0x000000070f400000, 0x000000070f400000|100%| S|CS|TAMS 0x000000070f200000, 0x000000070f200000| Complete 
| 107|0x000000070f400000, 0x000000070f400000, 0x000000070f600000|  0%| F|  |TAMS 0x000000070f400000, 0x000000070f400000| Untracked 
| 108|0x000000070f600000, 0x000000070f600000, 0x000000070f800000|  0%| F|  |TAMS 0x000000070f600000, 0x000000070f600000| Untracked 
| 109|0x000000070f800000, 0x000000070f800000, 0x000000070fa00000|  0%| F|  |TAMS 0x000000070f800000, 0x000000070f800000| Untracked 
| 110|0x000000070fa00000, 0x000000070fa00000, 0x000000070fc00000|  0%| F|  |TAMS 0x000000070fa00000, 0x000000070fa00000| Untracked 
| 111|0x000000070fc00000, 0x000000070fc00000, 0x000000070fe00000|  0%| F|  |TAMS 0x000000070fc00000, 0x000000070fc00000| Untracked 
| 112|0x000000070fe00000, 0x000000070fe00000, 0x0000000710000000|  0%| F|  |TAMS 0x000000070fe00000, 0x000000070fe00000| Untracked 
| 113|0x0000000710000000, 0x0000000710000000, 0x0000000710200000|  0%| F|  |TAMS 0x0000000710000000, 0x0000000710000000| Untracked 
| 114|0x0000000710200000, 0x0000000710200000, 0x0000000710400000|  0%| F|  |TAMS 0x0000000710200000, 0x0000000710200000| Untracked 
| 115|0x0000000710400000, 0x0000000710400000, 0x0000000710600000|  0%| F|  |TAMS 0x0000000710400000, 0x0000000710400000| Untracked 
| 116|0x0000000710600000, 0x0000000710600000, 0x0000000710800000|  0%| F|  |TAMS 0x0000000710600000, 0x0000000710600000| Untracked 
| 117|0x0000000710800000, 0x0000000710800000, 0x0000000710a00000|  0%| F|  |TAMS 0x0000000710800000, 0x0000000710800000| Untracked 
| 118|0x0000000710a00000, 0x0000000710a00000, 0x0000000710c00000|  0%| F|  |TAMS 0x0000000710a00000, 0x0000000710a00000| Untracked 
| 119|0x0000000710c00000, 0x0000000710dc1b40, 0x0000000710e00000| 87%| E|  |TAMS 0x0000000710c00000, 0x0000000710c00000| Complete 
| 120|0x0000000710e00000, 0x0000000711000000, 0x0000000711000000|100%| E|CS|TAMS 0x0000000710e00000, 0x0000000710e00000| Complete 
| 121|0x0000000711000000, 0x0000000711200000, 0x0000000711200000|100%| E|CS|TAMS 0x0000000711000000, 0x0000000711000000| Complete 
| 122|0x0000000711200000, 0x0000000711400000, 0x0000000711400000|100%| E|CS|TAMS 0x0000000711200000, 0x0000000711200000| Complete 
| 123|0x0000000711400000, 0x0000000711600000, 0x0000000711600000|100%| E|CS|TAMS 0x0000000711400000, 0x0000000711400000| Complete 
| 124|0x0000000711600000, 0x0000000711800000, 0x0000000711800000|100%| E|CS|TAMS 0x0000000711600000, 0x0000000711600000| Complete 
| 125|0x0000000711800000, 0x0000000711a00000, 0x0000000711a00000|100%| E|CS|TAMS 0x0000000711800000, 0x0000000711800000| Complete 
| 126|0x0000000711a00000, 0x0000000711c00000, 0x0000000711c00000|100%| E|CS|TAMS 0x0000000711a00000, 0x0000000711a00000| Complete 
| 127|0x0000000711c00000, 0x0000000711e00000, 0x0000000711e00000|100%| E|CS|TAMS 0x0000000711c00000, 0x0000000711c00000| Complete 

Card table byte_map: [0x0000027bfd190000,0x0000027bfd990000] _byte_map_base: 0x0000027bf9981000

Marking Bits (Prev, Next): (CMBitMap*) 0x0000027bfc3abb60, (CMBitMap*) 0x0000027bfc3abba0
 Prev Bits: [0x0000027b978f0000, 0x0000027b9b878000)
 Next Bits: [0x0000027b9b880000, 0x0000027b9f808000)

Polling page: 0x0000027bfa1b0000

Metaspace:

Usage:
  Non-class:     14.01 MB used.
      Class:      2.11 MB used.
       Both:     16.13 MB used.

Virtual space:
  Non-class space:       16.00 MB reserved,      14.13 MB ( 88%) committed,  2 nodes.
      Class space:        1.00 GB reserved,       2.25 MB ( <1%) committed,  1 nodes.
              Both:        1.02 GB reserved,      16.38 MB (  2%) committed. 

Chunk freelists:
   Non-Class:  1.91 MB
       Class:  1.78 MB
        Both:  3.69 MB

MaxMetaspaceSize: 17179869184.00 GB
CompressedClassSpaceSize: 1.00 GB
 - commit_granule_bytes: 65536.
 - commit_granule_words: 8192.
 - virtual_space_node_default_size: 1048576.
 - enlarge_chunks_in_place: 1.
 - new_chunks_are_fully_committed: 0.
 - uncommit_free_chunks: 1.
 - use_allocation_guard: 0.
 - handle_deallocations: 1.


Internal statistics:

num_allocs_failed_limit: 0.
num_arena_births: 226.
num_arena_deaths: 0.
num_vsnodes_births: 3.
num_vsnodes_deaths: 0.
num_space_committed: 262.
num_space_uncommitted: 0.
num_chunks_returned_to_freelist: 0.
num_chunks_taken_from_freelist: 735.
num_chunk_merges: 0.
num_chunk_splits: 498.
num_chunks_enlarged: 378.
num_purges: 0.

CodeHeap 'non-profiled nmethods': size=120000Kb used=1161Kb max_used=1161Kb free=118838Kb
 bounds [0x0000027b903c0000, 0x0000027b90630000, 0x0000027b978f0000]
CodeHeap 'profiled nmethods': size=120000Kb used=5341Kb max_used=5341Kb free=114658Kb
 bounds [0x0000027b88e90000, 0x0000027b893d0000, 0x0000027b903c0000]
CodeHeap 'non-nmethods': size=5760Kb used=1508Kb max_used=1640Kb free=4252Kb
 bounds [0x0000027b888f0000, 0x0000027b88b60000, 0x0000027b88e90000]
 total_blobs=3583 nmethods=2789 adapters=706
 compilation: enabled
              stopped_count=0, restarted_count=0
 full_count=0

Compilation events (20 events):
Event: 109.806 Thread 0x0000027bfee1eaa0 nmethod 2784 0x0000027b893b7810 code [0x0000027b893b79c0, 0x0000027b893b7c58]
Event: 109.806 Thread 0x0000027bfee1eaa0 2785       3       com.sun.org.apache.xerces.internal.impl.XMLEntityScanner::checkLimit (256 bytes)
Event: 109.809 Thread 0x0000027bfee1eaa0 nmethod 2785 0x0000027b893b7d90 code [0x0000027b893b82a0, 0x0000027b893bb668]
Event: 109.809 Thread 0x0000027bfee1eaa0 2790       3       javafx.fxml.FXMLLoader$Element::isTyped (16 bytes)
Event: 109.809 Thread 0x0000027bfee1eaa0 nmethod 2790 0x0000027b893bc990 code [0x0000027b893bcb40, 0x0000027b893bcdd8]
Event: 109.809 Thread 0x0000027bfee1eaa0 2791       3       java.util.LinkedList$ListItr::hasNext (20 bytes)
Event: 109.809 Thread 0x0000027bfee1eaa0 nmethod 2791 0x0000027b893bce90 code [0x0000027b893bd020, 0x0000027b893bd198]
Event: 109.809 Thread 0x0000027bfee1eaa0 2792       3       java.lang.Module::allows (60 bytes)
Event: 109.809 Thread 0x0000027bfee1eaa0 nmethod 2792 0x0000027b893bd290 code [0x0000027b893bd4a0, 0x0000027b893bdb08]
Event: 109.809 Thread 0x0000027bfee1eaa0 2794       3       com.sun.javafx.fxml.BeanAdapter::getGetterMethod (42 bytes)
Event: 109.814 Thread 0x0000027bfee1eaa0 nmethod 2794 0x0000027b893bdc90 code [0x0000027b893be480, 0x0000027b893c3388]
Event: 109.814 Thread 0x0000027bfee1eaa0 2795       3       javafx.fxml.FXMLLoader$Element::getValueAdapter (27 bytes)
Event: 109.814 Thread 0x0000027bfee1eaa0 nmethod 2795 0x0000027b893c5590 code [0x0000027b893c5760, 0x0000027b893c5be8]
Event: 109.814 Thread 0x0000027bfee1eaa0 2798       3       com.sun.javafx.scene.ParentHelper::getAllParentStylesheets (12 bytes)
Event: 109.814 Thread 0x0000027bfee1eaa0 nmethod 2798 0x0000027b893c5d90 code [0x0000027b893c5f60, 0x0000027b893c6258]
Event: 109.814 Thread 0x0000027bfee1eaa0 2801       3       java.lang.invoke.MethodHandles$Lookup$ClassOption::optionsToFlag (40 bytes)
Event: 109.815 Thread 0x0000027bfee1eaa0 nmethod 2801 0x0000027b893c6390 code [0x0000027b893c6580, 0x0000027b893c6aa8]
Event: 109.815 Thread 0x0000027bfee1eaa0 2796       3       java.lang.Class::getPackage (38 bytes)
Event: 109.815 Thread 0x0000027bfee1eaa0 nmethod 2796 0x0000027b893c6c90 code [0x0000027b893c6ea0, 0x0000027b893c74d8]
Event: 109.815 Thread 0x0000027bfee1eaa0 2797       3       java.lang.ClassLoader::definePackage (29 bytes)

GC Heap History (4 events):
Event: 0.543 GC heap before
{Heap before GC invocations=0 (full 0):
 garbage-first heap   total 262144K, used 22528K [0x0000000701e00000, 0x0000000800000000)
  region size 2048K, 11 young (22528K), 0 survivors (0K)
 Metaspace       used 4117K, committed 4288K, reserved 1056768K
  class space    used 401K, committed 448K, reserved 1048576K
}
Event: 0.545 GC heap after
{Heap after GC invocations=1 (full 0):
 garbage-first heap   total 262144K, used 2532K [0x0000000701e00000, 0x0000000800000000)
  region size 2048K, 2 young (4096K), 2 survivors (4096K)
 Metaspace       used 4117K, committed 4288K, reserved 1056768K
  class space    used 401K, committed 448K, reserved 1048576K
}
Event: 0.985 GC heap before
{Heap before GC invocations=1 (full 0):
 garbage-first heap   total 262144K, used 39396K [0x0000000701e00000, 0x0000000800000000)
  region size 2048K, 21 young (43008K), 2 survivors (4096K)
 Metaspace       used 13458K, committed 13696K, reserved 1064960K
  class space    used 1887K, committed 1984K, reserved 1048576K
}
Event: 0.989 GC heap after
{Heap after GC invocations=2 (full 0):
 garbage-first heap   total 262144K, used 6186K [0x0000000701e00000, 0x0000000800000000)
  region size 2048K, 3 young (6144K), 3 survivors (6144K)
 Metaspace       used 13458K, committed 13696K, reserved 1064960K
  class space    used 1887K, committed 1984K, reserved 1048576K
}

Deoptimization events (20 events):
Event: 13.452 Thread 0x0000027ba22d7230 DEOPT PACKING pc=0x0000027b9040a980 sp=0x000000d4a07f95c0
Event: 13.452 Thread 0x0000027ba22d7230 DEOPT UNPACKING pc=0x0000027b8893d72e sp=0x000000d4a07f95a8 mode 2
Event: 109.803 Thread 0x0000027ba22d7230 DEOPT PACKING pc=0x0000027b8900f31c sp=0x000000d4a07f9f10
Event: 109.803 Thread 0x0000027ba22d7230 DEOPT UNPACKING pc=0x0000027b8893dece sp=0x000000d4a07f93a8 mode 1
Event: 109.803 Thread 0x0000027ba22d7230 DEOPT PACKING pc=0x0000027b88fb7d64 sp=0x000000d4a07f9fe0
Event: 109.803 Thread 0x0000027ba22d7230 DEOPT UNPACKING pc=0x0000027b8893dece sp=0x000000d4a07f9498 mode 1
Event: 109.804 Thread 0x0000027ba22d7230 DEOPT PACKING pc=0x0000027b8900f31c sp=0x000000d4a07f9f10
Event: 109.804 Thread 0x0000027ba22d7230 DEOPT UNPACKING pc=0x0000027b8893dece sp=0x000000d4a07f93a8 mode 1
Event: 109.804 Thread 0x0000027ba22d7230 DEOPT PACKING pc=0x0000027b88fb7d64 sp=0x000000d4a07f9fe0
Event: 109.804 Thread 0x0000027ba22d7230 DEOPT UNPACKING pc=0x0000027b8893dece sp=0x000000d4a07f9498 mode 1
Event: 109.804 Thread 0x0000027ba22d7230 DEOPT PACKING pc=0x0000027b8900f31c sp=0x000000d4a07f9f10
Event: 109.804 Thread 0x0000027ba22d7230 DEOPT UNPACKING pc=0x0000027b8893dece sp=0x000000d4a07f93a8 mode 1
Event: 109.804 Thread 0x0000027ba22d7230 DEOPT PACKING pc=0x0000027b88fb7d64 sp=0x000000d4a07f9fe0
Event: 109.804 Thread 0x0000027ba22d7230 DEOPT UNPACKING pc=0x0000027b8893dece sp=0x000000d4a07f9498 mode 1
Event: 109.811 Thread 0x0000027ba22d7230 DEOPT PACKING pc=0x0000027b890c6ae4 sp=0x000000d4a07f9f90
Event: 109.811 Thread 0x0000027ba22d7230 DEOPT UNPACKING pc=0x0000027b8893dece sp=0x000000d4a07f9460 mode 1
Event: 109.815 Thread 0x0000027ba1a6a5b0 DEOPT PACKING pc=0x0000027b892c36e4 sp=0x000000d4a04feed0
Event: 109.815 Thread 0x0000027ba1a6a5b0 DEOPT UNPACKING pc=0x0000027b8893dece sp=0x000000d4a04fe3f0 mode 1
Event: 109.815 Thread 0x0000027ba26d4ae0 DEOPT PACKING pc=0x0000027b88ff70d4 sp=0x000000d49eaff270
Event: 109.815 Thread 0x0000027ba26d4ae0 DEOPT UNPACKING pc=0x0000027b8893dece sp=0x000000d49eafe6d0 mode 1

Classes unloaded (0 events):
No events

Classes redefined (0 events):
No events

Internal exceptions (20 events):
Event: 0.821 Thread 0x0000027ba22d7230 Implicit null exception at 0x0000027b903e46e0 to 0x0000027b903e477a
Event: 0.848 Thread 0x0000027ba22d7230 Implicit null exception at 0x0000027b904298c0 to 0x0000027b90429edc
Event: 0.848 Thread 0x0000027ba22d7230 Implicit null exception at 0x0000027b90426ba2 to 0x0000027b90427060
Event: 0.850 Thread 0x0000027ba22d7230 Implicit null exception at 0x0000027b903e3d2f to 0x0000027b903e3dad
Event: 0.933 Thread 0x0000027ba22d7230 Exception <a 'java/lang/ClassNotFoundException'{0x000000070f8d8500}: com/sun/javafx/scene/control/skin/resources/controls> (0x000000070f8d8500) 
thrown [c:\wsjdk\correttojdksrc\installers\windows\zip\corretto-build\buildroot\src\hotspot\share\prims\jni.cpp, line 600]
Event: 0.933 Thread 0x0000027ba22d7230 Exception <a 'java/lang/ClassNotFoundException'{0x000000070f8e6000}: com/sun/javafx/scene/control/skin/resources/controls_en> (0x000000070f8e6000) 
thrown [c:\wsjdk\correttojdksrc\installers\windows\zip\corretto-build\buildroot\src\hotspot\share\prims\jni.cpp, line 600]
Event: 0.933 Thread 0x0000027ba22d7230 Exception <a 'java/lang/ClassNotFoundException'{0x000000070f8e6f98}: com/sun/javafx/scene/control/skin/resources/controls_en_US> (0x000000070f8e6f98) 
thrown [c:\wsjdk\correttojdksrc\installers\windows\zip\corretto-build\buildroot\src\hotspot\share\prims\jni.cpp, line 600]
Event: 0.960 Thread 0x0000027ba22d7230 Exception <a 'java/lang/NoSuchMethodError'{0x000000070f6c1ad0}: 'void java.lang.invoke.DirectMethodHandle$Holder.invokeSpecial(java.lang.Object, java.lang.Object, java.lang.Object, java.lang.Object, java.lang.Object, java.lang.Object)'> (0x000000070f6c1ad0) 
thrown [c:\wsjdk\correttojdksrc\installers\windows\zip\corretto-build\buildroot\src\hotspot\share\interpreter\linkResolver.cpp, line 790]
Event: 0.991 Thread 0x0000027ba22d7230 Exception <a 'java/lang/NoSuchMethodError'{0x0000000711c1fe48}: 'java.lang.Object java.lang.invoke.DirectMethodHandle$Holder.invokeInterface(java.lang.Object, java.lang.Object, java.lang.Object)'> (0x0000000711c1fe48) 
thrown [c:\wsjdk\correttojdksrc\installers\windows\zip\corretto-build\buildroot\src\hotspot\share\interpreter\linkResolver.cpp, line 790]
Event: 0.991 Thread 0x0000027ba22d7230 Exception <a 'java/lang/IncompatibleClassChangeError'{0x0000000711c239c8}: Found class java.lang.Object, but interface was expected> (0x0000000711c239c8) 
thrown [c:\wsjdk\correttojdksrc\installers\windows\zip\corretto-build\buildroot\src\hotspot\share\interpreter\linkResolver.cpp, line 857]
Event: 1.032 Thread 0x0000027ba22d7230 Exception <a 'java/lang/NoSuchMethodError'{0x0000000711b4b060}: 'java.lang.Object java.lang.invoke.DirectMethodHandle$Holder.newInvokeSpecial(java.lang.Object, java.lang.Object, int)'> (0x0000000711b4b060) 
thrown [c:\wsjdk\correttojdksrc\installers\windows\zip\corretto-build\buildroot\src\hotspot\share\interpreter\linkResolver.cpp, line 790]
Event: 1.047 Thread 0x0000027ba1a6a5b0 Exception <a 'java/lang/NoSuchMethodError'{0x00000007119124a8}: 'int java.lang.invoke.DirectMethodHandle$Holder.invokeStaticInit(java.lang.Object, java.lang.Object)'> (0x00000007119124a8) 
thrown [c:\wsjdk\correttojdksrc\installers\windows\zip\corretto-build\buildroot\src\hotspot\share\interpreter\linkResolver.cpp, line 790]
Event: 1.052 Thread 0x0000027ba22d7230 Exception <a 'java/lang/NoSuchMethodError'{0x0000000711bcdbf0}: 'long java.lang.invoke.DirectMethodHandle$Holder.invokeStatic(java.lang.Object, java.lang.Object, java.lang.Object)'> (0x0000000711bcdbf0) 
thrown [c:\wsjdk\correttojdksrc\installers\windows\zip\corretto-build\buildroot\src\hotspot\share\interpreter\linkResolver.cpp, line 790]
Event: 1.053 Thread 0x0000027ba22d7230 Exception <a 'java/lang/NoSuchMethodError'{0x0000000711bd15a0}: 'long java.lang.invoke.DirectMethodHandle$Holder.invokeStaticInit(java.lang.Object, java.lang.Object, java.lang.Object)'> (0x0000000711bd15a0) 
thrown [c:\wsjdk\correttojdksrc\installers\windows\zip\corretto-build\buildroot\src\hotspot\share\interpreter\linkResolver.cpp, line 790]
Event: 1.056 Thread 0x0000027ba22d7230 Exception <a 'java/lang/NoSuchMethodError'{0x0000000711be94c0}: 'java.lang.Object java.lang.invoke.DirectMethodHandle$Holder.newInvokeSpecial(java.lang.Object, java.lang.Object, long)'> (0x0000000711be94c0) 
thrown [c:\wsjdk\correttojdksrc\installers\windows\zip\corretto-build\buildroot\src\hotspot\share\interpreter\linkResolver.cpp, line 790]
Event: 1.056 Thread 0x0000027ba22d7230 Exception <a 'java/lang/NoSuchMethodError'{0x0000000711bed230}: 'java.lang.Object java.lang.invoke.Invokers$Holder.linkToTargetMethod(java.lang.Object, long, java.lang.Object)'> (0x0000000711bed230) 
thrown [c:\wsjdk\correttojdksrc\installers\windows\zip\corretto-build\buildroot\src\hotspot\share\interpreter\linkResolver.cpp, line 790]
Event: 3.014 Thread 0x0000027ba22d7230 Exception <a 'java/lang/NoSuchMethodError'{0x00000007115ed978}: 'java.lang.Object java.lang.invoke.DirectMethodHandle$Holder.newInvokeSpecial(java.lang.Object, java.lang.Object, int, int, int, int, int, java.lang.Object)'> (0x00000007115ed978) 
thrown [c:\wsjdk\correttojdksrc\installers\windows\zip\corretto-build\buildroot\src\hotspot\share\interpreter\linkResolver.cpp, line 790]
Event: 3.015 Thread 0x0000027ba22d7230 Exception <a 'java/lang/NoSuchMethodError'{0x000000071125f6f8}: 'java.lang.Object java.lang.invoke.DirectMethodHandle$Holder.newInvokeSpecial(java.lang.Object, java.lang.Object, java.lang.Object, int, int, int, int, int)'> (0x000000071125f6f8) 
thrown [c:\wsjdk\correttojdksrc\installers\windows\zip\corretto-build\buildroot\src\hotspot\share\interpreter\linkResolver.cpp, line 790]
Event: 3.016 Thread 0x0000027ba22d7230 Exception <a 'java/lang/NoSuchMethodError'{0x0000000711267268}: 'java.lang.Object java.lang.invoke.Invokers$Holder.linkToTargetMethod(java.lang.Object, java.lang.Object, int, int, int, int, int, java.lang.Object)'> (0x0000000711267268) 
thrown [c:\wsjdk\correttojdksrc\installers\windows\zip\corretto-build\buildroot\src\hotspot\share\interpreter\linkResolver.cpp, line 790]
Event: 109.791 Thread 0x0000027ba22d7230 Exception <a 'java/lang/NoSuchMethodError'{0x0000000710e23338}: static Lcom/example/kusach/entity/User;.<clinit>()V> (0x0000000710e23338) 
thrown [c:\wsjdk\correttojdksrc\installers\windows\zip\corretto-build\buildroot\src\hotspot\share\prims\jni.cpp, line 1210]

Events (20 events):
Event: 109.791 loading class sun/security/provider/SHA
Event: 109.791 loading class sun/security/provider/SHA done
Event: 109.791 loading class java/io/ObjectStreamClass$ClassDataSlot
Event: 109.792 loading class java/io/ObjectStreamClass$ClassDataSlot done
Event: 109.792 loading class jdk/internal/reflect/UnsafeQualifiedStaticLongFieldAccessorImpl
Event: 109.792 loading class jdk/internal/reflect/UnsafeQualifiedStaticLongFieldAccessorImpl done
Event: 109.794 loading class java/io/ObjectStreamClass$ExceptionInfo
Event: 109.794 loading class java/io/ObjectStreamClass$ExceptionInfo done
Event: 109.812 loading class jdk/internal/misc/Signal$1
Event: 109.813 loading class jdk/internal/misc/Signal$1 done
Event: 109.813 Thread 0x0000027ba26d7ab0 Thread added: 0x0000027ba26d7ab0
Event: 109.813 Thread 0x0000027ba26d4ae0 Thread added: 0x0000027ba26d4ae0
Event: 109.814 Thread 0x0000027ba26d5030 Thread added: 0x0000027ba26d5030
Event: 109.814 loading class com/sun/javafx/tk/quantum/QuantumRenderer
Event: 109.814 loading class com/sun/javafx/tk/quantum/QuantumRenderer done
Event: 109.814 Thread 0x0000027ba26d5030 Thread exited: 0x0000027ba26d5030
Event: 109.815 loading class com/sun/javafx/tk/quantum/QuantumToolkit
Event: 109.815 loading class com/sun/javafx/tk/quantum/QuantumToolkit done
Event: 109.815 Thread 0x0000027ba26d4ae0 Thread exited: 0x0000027ba26d4ae0
Event: 109.815 Executing  VM operation: Exit


Dynamic libraries:
0x00007ff7d76d0000 - 0x00007ff7d76dd000 	C:\Users\subar\.jdks\corretto-16.0.2\bin\java.exe
0x00007ff980c10000 - 0x00007ff980e08000 	C:\Windows\SYSTEM32\ntdll.dll
0x00007ff980970000 - 0x00007ff980a2f000 	C:\Windows\System32\KERNEL32.DLL
0x00007ff97e3d0000 - 0x00007ff97e6a2000 	C:\Windows\System32\KERNELBASE.dll
0x00007ff97e750000 - 0x00007ff97e850000 	C:\Windows\System32\ucrtbase.dll
0x00007ff959090000 - 0x00007ff9590a5000 	C:\Users\subar\.jdks\corretto-16.0.2\bin\VCRUNTIME140.dll
0x00007ff9590b0000 - 0x00007ff9590c8000 	C:\Users\subar\.jdks\corretto-16.0.2\bin\jli.dll
0x00007ff980a30000 - 0x00007ff980bcd000 	C:\Windows\System32\USER32.dll
0x00007ff97e8e0000 - 0x00007ff97e902000 	C:\Windows\System32\win32u.dll
0x00007ff961ee0000 - 0x00007ff96217a000 	C:\Windows\WinSxS\amd64_microsoft.windows.common-controls_6595b64144ccf1df_6.0.19041.1110_none_60b5254171f9507e\COMCTL32.dll
0x00007ff97fe40000 - 0x00007ff97fe6b000 	C:\Windows\System32\GDI32.dll
0x00007ff980860000 - 0x00007ff9808fe000 	C:\Windows\System32\msvcrt.dll
0x00007ff97ea70000 - 0x00007ff97eb7f000 	C:\Windows\System32\gdi32full.dll
0x00007ff97e6b0000 - 0x00007ff97e74d000 	C:\Windows\System32\msvcp_win.dll
0x00007ff97fe70000 - 0x00007ff97fea2000 	C:\Windows\System32\IMM32.DLL
0x00007ff9405c0000 - 0x00007ff94065b000 	C:\Users\subar\.jdks\corretto-16.0.2\bin\msvcp140.dll
0x00007ff8f2140000 - 0x00007ff8f2d49000 	C:\Users\subar\.jdks\corretto-16.0.2\bin\server\jvm.dll
0x00007ff9807b0000 - 0x00007ff98085e000 	C:\Windows\System32\ADVAPI32.dll
0x00007ff97f7c0000 - 0x00007ff97f85c000 	C:\Windows\System32\sechost.dll
0x00007ff97f9a0000 - 0x00007ff97fac5000 	C:\Windows\System32\RPCRT4.dll
0x00007ff97f880000 - 0x00007ff97f888000 	C:\Windows\System32\PSAPI.DLL
0x00007ff970410000 - 0x00007ff970437000 	C:\Windows\SYSTEM32\WINMM.dll
0x00007ff95d7b0000 - 0x00007ff95d7b9000 	C:\Windows\SYSTEM32\WSOCK32.dll
0x00007ff972b50000 - 0x00007ff972b5a000 	C:\Windows\SYSTEM32\VERSION.dll
0x00007ff97feb0000 - 0x00007ff97ff1b000 	C:\Windows\System32\WS2_32.dll
0x00007ff97cb60000 - 0x00007ff97cb72000 	C:\Windows\SYSTEM32\kernel.appcore.dll
0x00007ff960aa0000 - 0x00007ff960aaa000 	C:\Users\subar\.jdks\corretto-16.0.2\bin\jimage.dll
0x00007ff976470000 - 0x00007ff976654000 	C:\Windows\SYSTEM32\DBGHELP.DLL
0x00007ff95e490000 - 0x00007ff95e4bc000 	C:\Windows\SYSTEM32\dbgcore.DLL
0x00007ff97e850000 - 0x00007ff97e8d2000 	C:\Windows\System32\bcryptPrimitives.dll
0x00007ff93e600000 - 0x00007ff93e63a000 	C:\Users\subar\.jdks\corretto-16.0.2\bin\jdwp.dll
0x00007ff975590000 - 0x00007ff97559e000 	C:\Users\subar\.jdks\corretto-16.0.2\bin\instrument.dll
0x00007ff959060000 - 0x00007ff959085000 	C:\Users\subar\.jdks\corretto-16.0.2\bin\java.dll
0x00007ff94aa90000 - 0x00007ff94aaa8000 	C:\Users\subar\.jdks\corretto-16.0.2\bin\zip.dll
0x00007ff97ee30000 - 0x00007ff97f573000 	C:\Windows\System32\SHELL32.dll
0x00007ff97c380000 - 0x00007ff97cb12000 	C:\Windows\SYSTEM32\windows.storage.dll
0x00007ff97fad0000 - 0x00007ff97fe24000 	C:\Windows\System32\combase.dll
0x00007ff97dd00000 - 0x00007ff97dd30000 	C:\Windows\SYSTEM32\Wldp.dll
0x00007ff97f890000 - 0x00007ff97f93d000 	C:\Windows\System32\SHCORE.dll
0x00007ff9804d0000 - 0x00007ff980525000 	C:\Windows\System32\shlwapi.dll
0x00007ff97e250000 - 0x00007ff97e26f000 	C:\Windows\SYSTEM32\profapi.dll
0x00007ff959040000 - 0x00007ff959059000 	C:\Users\subar\.jdks\corretto-16.0.2\bin\net.dll
0x00007ff96b000000 - 0x00007ff96b10c000 	C:\Windows\SYSTEM32\WINHTTP.dll
0x00007ff97da60000 - 0x00007ff97daca000 	C:\Windows\system32\mswsock.dll
0x00007ff950fd0000 - 0x00007ff950fe3000 	C:\Users\subar\.jdks\corretto-16.0.2\bin\nio.dll
0x00007ff94b7f0000 - 0x00007ff94b7fc000 	C:\Users\subar\.jdks\corretto-16.0.2\bin\dt_socket.dll
0x00007ff97d6e0000 - 0x00007ff97d71b000 	C:\Windows\SYSTEM32\IPHLPAPI.DLL
0x0000027bfc330000 - 0x0000027bfc333000 	C:\Users\subar\.openjfx\cache\16\api-ms-win-core-console-l1-1-0.dll
0x0000027bfef50000 - 0x0000027bfef53000 	C:\Users\subar\.openjfx\cache\16\api-ms-win-core-console-l1-2-0.dll
0x0000027bfef60000 - 0x0000027bfef63000 	C:\Users\subar\.openjfx\cache\16\api-ms-win-core-datetime-l1-1-0.dll
0x0000027bfef70000 - 0x0000027bfef73000 	C:\Users\subar\.openjfx\cache\16\api-ms-win-core-debug-l1-1-0.dll
0x0000027bfef80000 - 0x0000027bfef83000 	C:\Users\subar\.openjfx\cache\16\api-ms-win-core-errorhandling-l1-1-0.dll
0x0000027bfef90000 - 0x0000027bfef94000 	C:\Users\subar\.openjfx\cache\16\api-ms-win-core-file-l1-1-0.dll
0x0000027bfefa0000 - 0x0000027bfefa3000 	C:\Users\subar\.openjfx\cache\16\api-ms-win-core-file-l1-2-0.dll
0x0000027bfefb0000 - 0x0000027bfefb3000 	C:\Users\subar\.openjfx\cache\16\api-ms-win-core-file-l2-1-0.dll
0x0000027bfefc0000 - 0x0000027bfefc3000 	C:\Users\subar\.openjfx\cache\16\api-ms-win-core-handle-l1-1-0.dll
0x0000027bfefd0000 - 0x0000027bfefd3000 	C:\Users\subar\.openjfx\cache\16\api-ms-win-core-heap-l1-1-0.dll
0x0000027bfefe0000 - 0x0000027bfefe3000 	C:\Users\subar\.openjfx\cache\16\api-ms-win-core-interlocked-l1-1-0.dll
0x0000027bfeff0000 - 0x0000027bfeff3000 	C:\Users\subar\.openjfx\cache\16\api-ms-win-core-libraryloader-l1-1-0.dll
0x0000027bffc00000 - 0x0000027bffc03000 	C:\Users\subar\.openjfx\cache\16\api-ms-win-core-localization-l1-2-0.dll
0x0000027bffc10000 - 0x0000027bffc13000 	C:\Users\subar\.openjfx\cache\16\api-ms-win-core-memory-l1-1-0.dll
0x0000027bffc20000 - 0x0000027bffc23000 	C:\Users\subar\.openjfx\cache\16\api-ms-win-core-namedpipe-l1-1-0.dll
0x0000027bffc30000 - 0x0000027bffc33000 	C:\Users\subar\.openjfx\cache\16\api-ms-win-core-processenvironment-l1-1-0.dll
0x0000027bffc40000 - 0x0000027bffc43000 	C:\Users\subar\.openjfx\cache\16\api-ms-win-core-processthreads-l1-1-0.dll
0x0000027bffc50000 - 0x0000027bffc53000 	C:\Users\subar\.openjfx\cache\16\api-ms-win-core-processthreads-l1-1-1.dll
0x0000027bffc60000 - 0x0000027bffc63000 	C:\Users\subar\.openjfx\cache\16\api-ms-win-core-profile-l1-1-0.dll
0x0000027bffc70000 - 0x0000027bffc73000 	C:\Users\subar\.openjfx\cache\16\api-ms-win-core-rtlsupport-l1-1-0.dll
0x0000027bffc80000 - 0x0000027bffc83000 	C:\Users\subar\.openjfx\cache\16\api-ms-win-core-string-l1-1-0.dll
0x0000027bffc90000 - 0x0000027bffc93000 	C:\Users\subar\.openjfx\cache\16\api-ms-win-core-synch-l1-1-0.dll
0x0000027bffca0000 - 0x0000027bffca3000 	C:\Users\subar\.openjfx\cache\16\api-ms-win-core-synch-l1-2-0.dll
0x0000027bffcb0000 - 0x0000027bffcb3000 	C:\Users\subar\.openjfx\cache\16\api-ms-win-core-sysinfo-l1-1-0.dll
0x0000027bffcc0000 - 0x0000027bffcc3000 	C:\Users\subar\.openjfx\cache\16\api-ms-win-core-timezone-l1-1-0.dll
0x0000027bffcd0000 - 0x0000027bffcd3000 	C:\Users\subar\.openjfx\cache\16\api-ms-win-core-util-l1-1-0.dll
0x0000027bffce0000 - 0x0000027bffce3000 	C:\Users\subar\.openjfx\cache\16\api-ms-win-crt-conio-l1-1-0.dll
0x0000027bffcf0000 - 0x0000027bffcf4000 	C:\Users\subar\.openjfx\cache\16\api-ms-win-crt-convert-l1-1-0.dll
0x0000027bffd00000 - 0x0000027bffd03000 	C:\Users\subar\.openjfx\cache\16\api-ms-win-crt-environment-l1-1-0.dll
0x0000027bffd10000 - 0x0000027bffd13000 	C:\Users\subar\.openjfx\cache\16\api-ms-win-crt-filesystem-l1-1-0.dll
0x0000027bffd20000 - 0x0000027bffd23000 	C:\Users\subar\.openjfx\cache\16\api-ms-win-crt-heap-l1-1-0.dll
0x0000027bffd30000 - 0x0000027bffd33000 	C:\Users\subar\.openjfx\cache\16\api-ms-win-crt-locale-l1-1-0.dll
0x0000027bffd40000 - 0x0000027bffd45000 	C:\Users\subar\.openjfx\cache\16\api-ms-win-crt-math-l1-1-0.dll
0x0000027bffd50000 - 0x0000027bffd55000 	C:\Users\subar\.openjfx\cache\16\api-ms-win-crt-multibyte-l1-1-0.dll
0x0000027bffd60000 - 0x0000027bffd70000 	C:\Users\subar\.openjfx\cache\16\api-ms-win-crt-private-l1-1-0.dll
0x0000027bffd70000 - 0x0000027bffd73000 	C:\Users\subar\.openjfx\cache\16\api-ms-win-crt-process-l1-1-0.dll
0x0000027bffd80000 - 0x0000027bffd84000 	C:\Users\subar\.openjfx\cache\16\api-ms-win-crt-runtime-l1-1-0.dll
0x0000027bffd90000 - 0x0000027bffd94000 	C:\Users\subar\.openjfx\cache\16\api-ms-win-crt-stdio-l1-1-0.dll
0x0000027bffda0000 - 0x0000027bffda4000 	C:\Users\subar\.openjfx\cache\16\api-ms-win-crt-string-l1-1-0.dll
0x0000027bffdb0000 - 0x0000027bffdb3000 	C:\Users\subar\.openjfx\cache\16\api-ms-win-crt-time-l1-1-0.dll
0x0000027bffdc0000 - 0x0000027bffdc3000 	C:\Users\subar\.openjfx\cache\16\api-ms-win-crt-utility-l1-1-0.dll
0x00007ff92e8a0000 - 0x00007ff92e99c000 	C:\Users\subar\.openjfx\cache\16\ucrtbase.dll
0x00007ff941be0000 - 0x00007ff941bf9000 	C:\Users\subar\.openjfx\cache\16\vcruntime140.dll
0x00007ff94aa80000 - 0x00007ff94aa8c000 	C:\Users\subar\.openjfx\cache\16\vcruntime140_1.dll
0x00007ff937f80000 - 0x00007ff938011000 	C:\Users\subar\.openjfx\cache\16\msvcp140.dll
0x00007ff93edb0000 - 0x00007ff93edd7000 	C:\Users\subar\.openjfx\cache\16\prism_d3d.dll
0x00007ff9661a0000 - 0x00007ff96636f000 	C:\Windows\system32\d3d9.dll
0x00007ff978650000 - 0x00007ff97867f000 	C:\Windows\SYSTEM32\dwmapi.dll
0x00007ff978470000 - 0x00007ff97850e000 	C:\Windows\system32\uxtheme.dll
0x00007ff971870000 - 0x00007ff97192e000 	C:\Windows\System32\DriverStore\FileRepository\nvhmi.inf_amd64_089fa0c576d7dd56\nvldumdx.dll
0x00007ff97de90000 - 0x00007ff97dea2000 	C:\Windows\SYSTEM32\msasn1.dll
0x00007ff971830000 - 0x00007ff971861000 	C:\Windows\SYSTEM32\cryptnet.dll
0x00007ff97e910000 - 0x00007ff97ea66000 	C:\Windows\System32\CRYPT32.dll
0x00007ff9716e0000 - 0x00007ff971828000 	C:\Windows\SYSTEM32\drvstore.dll
0x00007ff97e070000 - 0x00007ff97e09c000 	C:\Windows\SYSTEM32\devobj.dll
0x00007ff97e310000 - 0x00007ff97e35e000 	C:\Windows\System32\cfgmgr32.dll
0x00007ff97dc70000 - 0x00007ff97dc7c000 	C:\Windows\SYSTEM32\cryptbase.dll
0x00007ff97e360000 - 0x00007ff97e3ca000 	C:\Windows\System32\WINTRUST.DLL
0x00007ff97f860000 - 0x00007ff97f87d000 	C:\Windows\System32\imagehlp.dll
0x00007ff97dc50000 - 0x00007ff97dc68000 	C:\Windows\SYSTEM32\CRYPTSP.dll
0x00007ff97d310000 - 0x00007ff97d344000 	C:\Windows\system32\rsaenh.dll
0x00007ff97eb80000 - 0x00007ff97eba7000 	C:\Windows\System32\bcrypt.dll
0x00007ff92ed50000 - 0x00007ff93135b000 	C:\Windows\System32\DriverStore\FileRepository\nvhmi.inf_amd64_089fa0c576d7dd56\nvd3dumx.dll
0x00007ff93e380000 - 0x00007ff93e3c2000 	C:\Users\subar\.openjfx\cache\16\glass.dll
0x00007ff97ff20000 - 0x00007ff97fffa000 	C:\Windows\System32\COMDLG32.dll
0x00007ff97f690000 - 0x00007ff97f7ba000 	C:\Windows\System32\ole32.dll
0x00007ff980530000 - 0x00007ff9805fd000 	C:\Windows\System32\OLEAUT32.dll
0x00007ff97ec60000 - 0x00007ff97ed75000 	C:\Windows\System32\MSCTF.dll
0x00007ff92e9e0000 - 0x00007ff92ecaf000 	C:\Windows\system32\nvspcap64.dll
0x00007ff97d430000 - 0x00007ff97d463000 	C:\Windows\SYSTEM32\ntmarta.dll
0x00007ff97cb80000 - 0x00007ff97cba3000 	C:\Windows\SYSTEM32\gpapi.dll
0x00007ff972b60000 - 0x00007ff972b9b000 	C:\Windows\SYSTEM32\dxcore.dll
0x00007ff97d720000 - 0x00007ff97d7ea000 	C:\Windows\SYSTEM32\DNSAPI.dll
0x00007ff980960000 - 0x00007ff980968000 	C:\Windows\System32\NSI.dll
0x0000000050000000 - 0x0000000050026000 	C:\Program Files\Bonjour\mdnsNSP.dll
0x00007ff961da0000 - 0x00007ff961daa000 	C:\Windows\System32\rasadhlp.dll
0x00007ff962220000 - 0x00007ff9622a0000 	C:\Windows\System32\fwpuclnt.dll
0x00007ff93e360000 - 0x00007ff93e374000 	C:\Users\subar\.openjfx\cache\16\javafx_font.dll
0x00007ff947df0000 - 0x00007ff94806f000 	C:\Windows\SYSTEM32\dwrite.dll
0x00007ff97ed80000 - 0x00007ff97ee2f000 	C:\Windows\System32\clbcatq.dll
0x00007ff9747e0000 - 0x00007ff974994000 	C:\Windows\SYSTEM32\WindowsCodecs.dll

dbghelp: loaded successfully - version: 4.0.5 - missing functions: none
symbol engine: initialized successfully - sym options: 0x614 - pdb path: .;C:\Users\subar\.jdks\corretto-16.0.2\bin;C:\Windows\SYSTEM32;C:\Windows\WinSxS\amd64_microsoft.windows.common-controls_6595b64144ccf1df_6.0.19041.1110_none_60b5254171f9507e;C:\Users\subar\.jdks\corretto-16.0.2\bin\server;C:\Users\subar\.openjfx\cache\16;C:\Windows\System32\DriverStore\FileRepository\nvhmi.inf_amd64_089fa0c576d7dd56;C:\Program Files\Bonjour;C:\Program Files\Common Files\Microsoft Shared\Ink

VM Arguments:
jvm_args: -agentlib:jdwp=transport=dt_socket,address=127.0.0.1:52316,suspend=y,server=n -javaagent:C:\Users\subar\AppData\Local\JetBrains\IdeaIC2022.2\captureAgent\debugger-agent.jar -Dfile.encoding=UTF-8 --module-path=C:\Users\subar\.m2\repository\org\kordamp\ikonli\ikonli-core\12.2.0\ikonli-core-12.2.0.jar;C:\Users\subar\.m2\repository\eu\hansolo\tilesfx\11.48\tilesfx-11.48.jar;C:\Users\subar\.m2\repository\org\openjfx\javafx-web\16\javafx-web-16-win.jar;C:\Users\subar\.m2\repository\org\kordamp\ikonli\ikonli-javafx\12.2.0\ikonli-javafx-12.2.0.jar;C:\Users\subar\.m2\repository\org\openjfx\javafx-media\16\javafx-media-16-win.jar;C:\Users\subar\.m2\repository\org\openjfx\javafx-base\16\javafx-base-16-win.jar;C:\Users\subar\.m2\repository\org\kordamp\bootstrapfx\bootstrapfx-core\0.4.0\bootstrapfx-core-0.4.0.jar;C:\Users\subar\OneDrive\Desktop\Semester project\Car Sales\target\classes;C:\Users\subar\.m2\repository\org\openjfx\javafx-controls\16\javafx-controls-16-win.jar;C:\Users\subar\.m2\repository\org\openjfx\javafx-graphics\16\javafx-graphics-16-win.jar;C:\Users\subar\.m2\repository\org\openjfx\javafx-fxml\16\javafx-fxml-16-win.jar;C:\Users\subar\.m2\repository\net\synedra\validatorfx\0.1.13\validatorfx-0.1.13.jar;C:\Users\subar\.m2\repository\org\controlsfx\controlsfx\11.1.0\controlsfx-11.1.0.jar;C:\Users\subar\.m2\repository\com\dlsc\formsfx\formsfx-core\11.3.2\formsfx-core-11.3.2.jar -Djdk.module.main=com.example.semproj
java_command: com.example.semproj/com.example.semproj.client.Kursach
java_class_path (initial): C:\Users\subar\.m2\repository\org\openjfx\javafx-controls\16\javafx-controls-16.jar;C:\Users\subar\.m2\repository\org\openjfx\javafx-graphics\16\javafx-graphics-16.jar;C:\Users\subar\.m2\repository\org\openjfx\javafx-base\16\javafx-base-16.jar;C:\Users\subar\.m2\repository\org\openjfx\javafx-fxml\16\javafx-fxml-16.jar;C:\Users\subar\.m2\repository\org\openjfx\javafx-web\16\javafx-web-16.jar;C:\Users\subar\.m2\repository\org\openjfx\javafx-media\16\javafx-media-16.jar;C:\Program Files\JetBrains\IntelliJ IDEA Community Edition 2022.2.1\lib\idea_rt.jar
Launcher Type: SUN_STANDARD

[Global flags]
     intx CICompilerCount                          = 4                                         {product} {ergonomic}
     uint ConcGCThreads                            = 3                                         {product} {ergonomic}
     uint G1ConcRefinementThreads                  = 10                                        {product} {ergonomic}
   size_t G1HeapRegionSize                         = 2097152                                   {product} {ergonomic}
    uintx GCDrainStackTargetSize                   = 64                                        {product} {ergonomic}
   size_t InitialHeapSize                          = 268435456                                 {product} {ergonomic}
   size_t MarkStackSize                            = 4194304                                   {product} {ergonomic}
   size_t MaxHeapSize                              = 4263510016                                {product} {ergonomic}
   size_t MaxNewSize                               = 2556428288                                {product} {ergonomic}
   size_t MinHeapDeltaBytes                        = 2097152                                   {product} {ergonomic}
   size_t MinHeapSize                              = 8388608                                   {product} {ergonomic}
    uintx NonNMethodCodeHeapSize                   = 5839372                                {pd product} {ergonomic}
    uintx NonProfiledCodeHeapSize                  = 122909434                              {pd product} {ergonomic}
    uintx ProfiledCodeHeapSize                     = 122909434                              {pd product} {ergonomic}
    uintx ReservedCodeCacheSize                    = 251658240                              {pd product} {ergonomic}
     bool SegmentedCodeCache                       = true                                      {product} {ergonomic}
   size_t SoftMaxHeapSize                          = 4263510016                             {manageable} {ergonomic}
     bool UseCompressedClassPointers               = true                           {product lp64_product} {ergonomic}
     bool UseCompressedOops                        = true                           {product lp64_product} {ergonomic}
     bool UseG1GC                                  = true                                      {product} {ergonomic}
     bool UseLargePagesIndividualAllocation        = false                                  {pd product} {ergonomic}

Logging:
Log output configuration:
 #0: stdout all=off uptime,level,tags
 #1: stderr all=off uptime,level,tags

Environment Variables:
PATH=C:\Program Files\Common Files\Oracle\Java\javapath;C:\Program Files (x86)\Common Files\Oracle\Java\javapath;C:\Windows\system32;C:\Windows;C:\Windows\System32\Wbem;C:\Windows\System32\WindowsPowerShell\v1.0\;C:\Windows\System32\OpenSSH\;C:\Program Files\Microsoft SQL Server\120\Tools\Binn\;C:\Program Files\dotnet\;C:\Program Files (x86)\NVIDIA Corporation\PhysX\Common;C:\Program Files\NVIDIA Corporation\NVIDIA NvDLISR;C:\Program Files\Common Files\Autodesk Shared\;C:\Program Files\MySQL\MySQL Shell 8.0\bin\;C:\Users\subar\AppData\Local\Microsoft\WindowsApps;
USERNAME=subar
OS=Windows_NT
PROCESSOR_IDENTIFIER=Intel64 Family 6 Model 158 Stepping 13, GenuineIntel



---------------  S Y S T E M  ---------------

OS:
 Windows 10 , 64 bit Build 19041 (10.0.19041.2251)
OS uptime: 0 days 2:17 hours

CPU: total 12 (initial active 12) (6 cores per cpu, 2 threads per core) family 6 model 158 stepping 13 microcode 0xf0, cx8, cmov, fxsr, ht, mmx, 3dnowpref, sse, sse2, sse3, ssse3, sse4.1, sse4.2, popcnt, lzcnt, tsc, tscinvbit, avx, avx2, aes, erms, clmul, bmi1, bmi2, adx, fma, vzeroupper, clflush, clflushopt

Memory: 4k page, system-wide physical 16262M (6825M free)
TotalPageFile size 24966M (AvailPageFile size 10281M)
current process WorkingSet (physical memory assigned to process): 145M, peak: 179M
current process commit charge ("private bytes"): 433M, peak: 463M

vm_info: OpenJDK 64-Bit Server VM (16.0.2+7) for windows-amd64 JRE (16.0.2+7), built on Jul 22 2021 01:11:46 by "Administrator" with MS VC++ 15.9 (VS2017)

END.
